PREFIX owl: <http://www.w3.org/2002/07/owl#>
PREFIX xsd: <http://www.w3.org/2001/XMLSchema#>
PREFIX rdfs: <http://www.w3.org/2000/01/rdf-schema#>
PREFIX rdf: <http://www.w3.org/1999/02/22-rdf-syntax-ns#>
PREFIX foaf: <http://xmlns.com/foaf/0.1/>
PREFIX dc: <http://purl.org/dc/elements/1.1/>
PREFIX : <http://dbpedia.org/resource/>
PREFIX dbpedia2: <http://dbpedia.org/property/>
PREFIX dbpedia: <http://dbpedia.org/>
PREFIX skos: <http://www.w3.org/2004/02/skos/core#>
SELECT * from <http://dbpedia3.8> where {
?subject rdf:type <http://dbpedia.org/class/yago/CapitalsInEurope>.
?subject rdfs:label ?label.
?subject rdfs:comment ?abstract.
FILTER (lang(?label) = "en" && lang(?abstract) = "en")
} LIMIT 20
-----------------
PREFIX owl: <http://www.w3.org/2002/07/owl#>
PREFIX xsd: <http://www.w3.org/2001/XMLSchema#>
PREFIX rdfs: <http://www.w3.org/2000/01/rdf-schema#>
PREFIX rdf: <http://www.w3.org/1999/02/22-rdf-syntax-ns#>
PREFIX foaf: <http://xmlns.com/foaf/0.1/>
PREFIX dc: <http://purl.org/dc/elements/1.1/>
PREFIX : <http://dbpedia.org/resource/>
PREFIX dbpedia2: <http://dbpedia.org/property/>
PREFIX dbpedia: <http://dbpedia.org/>
PREFIX skos: <http://www.w3.org/2004/02/skos/core#>
SELECT * from <http://dbpedia3.8> where {
?subject rdf:type <http://dbpedia.org/class/yago/CapitalsInEurope>.
?subject rdfs:label ?label.
?subject rdfs:comment ?abstract.
FILTER (lang(?label) = "en" && lang(?abstract) = "en")
-----------------
PREFIX owl: <http://www.w3.org/2002/07/owl#>
PREFIX xsd: <http://www.w3.org/2001/XMLSchema#>
PREFIX rdfs: <http://www.w3.org/2000/01/rdf-schema#>
PREFIX rdf: <http://www.w3.org/1999/02/22-rdf-syntax-ns#>
PREFIX foaf: <http://xmlns.com/foaf/0.1/>
PREFIX dc: <http://purl.org/dc/elements/1.1/>
PREFIX : <http://dbpedia.org/resource/>
PREFIX dbpedia2: <http://dbpedia.org/property/>
PREFIX dbpedia: <http://dbpedia.org/>
PREFIX skos: <http://www.w3.org/2004/02/skos/core#>
SELECT * from <http://dbpedia3.8> where {
?subject rdf:type <http://dbpedia.org/class/yago/CapitalsInEurope>.
?subject rdfs:label ?label.
?subject rdfs:comment ?abstract.
FILTER (lang(?label) = "en" && lang(?abstract) = "en")
} LIMIT 20
-----------------
PREFIX owl: <http://www.w3.org/2002/07/owl#>
PREFIX xsd: <http://www.w3.org/2001/XMLSchema#>
PREFIX rdfs: <http://www.w3.org/2000/01/rdf-schema#>
PREFIX rdf: <http://www.w3.org/1999/02/22-rdf-syntax-ns#>
PREFIX foaf: <http://xmlns.com/foaf/0.1/>
PREFIX dc: <http://purl.org/dc/elements/1.1/>
PREFIX : <http://dbpedia.org/resource/>
PREFIX dbpedia2: <http://dbpedia.org/property/>
PREFIX dbpedia: <http://dbpedia.org/>
PREFIX skos: <http://www.w3.org/2004/02/skos/core#>
SELECT * from <http://dbpedia3.8> where {
?subject rdf:type <http://dbpedia.org/class/yago/CapitalsInEurope>.
?subject rdfs:label ?label.
?subject rdfs:comment ?abstract.
FILTER (lang(?label) = "en" && lang(?abstract) = "en")
} LIMIT 20
-----------------
PREFIX owl: <http://www.w3.org/2002/07/owl#>
PREFIX xsd: <http://www.w3.org/2001/XMLSchema#>
PREFIX rdfs: <http://www.w3.org/2000/01/rdf-schema#>
PREFIX rdf: <http://www.w3.org/1999/02/22-rdf-syntax-ns#>
PREFIX foaf: <http://xmlns.com/foaf/0.1/>
PREFIX dc: <http://purl.org/dc/elements/1.1/>
PREFIX : <http://dbpedia.org/resource/>
PREFIX dbpedia2: <http://dbpedia.org/property/>
PREFIX dbpedia: <http://dbpedia.org/>
PREFIX skos: <http://www.w3.org/2004/02/skos/core#>
SELECT * from <http://dbpedia3.8> where {
?subject rdf:type <http://dbpedia.org/class/yago/CapitalsInEurope>.
?subject rdfs:label ?label.
?subject rdfs:comment ?abstract.
FILTER (lang(?label) = "en" && lang(?abstract) = "en")
} LIMIT 20
-----------------
PREFIX owl: <http://www.w3.org/2002/07/owl#>
PREFIX xsd: <http://www.w3.org/2001/XMLSchema#>
PREFIX rdfs: <http://www.w3.org/2000/01/rdf-schema#>
PREFIX rdf: <http://www.w3.org/1999/02/22-rdf-syntax-ns#>
PREFIX foaf: <http://xmlns.com/foaf/0.1/>
PREFIX dc: <http://purl.org/dc/elements/1.1/>
PREFIX : <http://dbpedia.org/resource/>
PREFIX dbpedia2: <http://dbpedia.org/property/>
PREFIX dbpedia: <http://dbpedia.org/>
PREFIX skos: <http://www.w3.org/2004/02/skos/core#>
SELECT * from <http://dbpedia3.8> where {
?subject rdf:type <http://dbpedia.org/class/yago/CapitalsInEurope>.
?subject rdfs:label ?label.
?subject rdfs:comment ?abstract.

} LIMIT 10
-----------------
PREFIX owl: <http://www.w3.org/2002/07/owl#>
PREFIX xsd: <http://www.w3.org/2001/XMLSchema#>
PREFIX rdfs: <http://www.w3.org/2000/01/rdf-schema#>
PREFIX rdf: <http://www.w3.org/1999/02/22-rdf-syntax-ns#>
PREFIX foaf: <http://xmlns.com/foaf/0.1/>
PREFIX dc: <http://purl.org/dc/elements/1.1/>
PREFIX : <http://dbpedia.org/resource/>
PREFIX dbpedia2: <http://dbpedia.org/property/>
PREFIX dbpedia: <http://dbpedia.org/>
PREFIX skos: <http://www.w3.org/2004/02/skos/core#>
SELECT * from <http://dbpedia3.8> where {
?subject rdf:type <http://dbpedia.org/class/yago/CapitalsInEurope>.
?subject rdfs:label "English Label"@en ?label.
?subject rdfs:comment ?abstract.
} LIMIT 10
-----------------
PREFIX owl: <http://www.w3.org/2002/07/owl#>
PREFIX xsd: <http://www.w3.org/2001/XMLSchema#>
PREFIX rdfs: <http://www.w3.org/2000/01/rdf-schema#>
PREFIX rdf: <http://www.w3.org/1999/02/22-rdf-syntax-ns#>
PREFIX foaf: <http://xmlns.com/foaf/0.1/>
PREFIX dc: <http://purl.org/dc/elements/1.1/>
PREFIX : <http://dbpedia.org/resource/>
PREFIX dbpedia2: <http://dbpedia.org/property/>
PREFIX dbpedia: <http://dbpedia.org/>
PREFIX skos: <http://www.w3.org/2004/02/skos/core#>
SELECT * from <http://dbpedia3.8> where {
?subject rdf:type <http://dbpedia.org/class/yago/CapitalsInEurope>.
?subject rdfs:label ?label.
?subject rdfs:comment ?abstract.
} LIMIT 10
-----------------
PREFIX owl: <http://www.w3.org/2002/07/owl#>
PREFIX xsd: <http://www.w3.org/2001/XMLSchema#>
PREFIX rdfs: <http://www.w3.org/2000/01/rdf-schema#>
PREFIX rdf: <http://www.w3.org/1999/02/22-rdf-syntax-ns#>
PREFIX foaf: <http://xmlns.com/foaf/0.1/>
PREFIX dc: <http://purl.org/dc/elements/1.1/>
PREFIX : <http://dbpedia.org/resource/>
PREFIX dbpedia2: <http://dbpedia.org/property/>
PREFIX dbpedia: <http://dbpedia.org/>
PREFIX skos: <http://www.w3.org/2004/02/skos/core#>
SELECT * from <http://dbpedia3.8> where {
?subject rdf:type <http://dbpedia.org/class/yago/CapitalsInEurope>.
?subject rdfs:label ?label. FILTER(LANGMATCHES(LANG(?label), "fr"))
} LIMIT 10
-----------------
PREFIX owl: <http://www.w3.org/2002/07/owl#>
PREFIX xsd: <http://www.w3.org/2001/XMLSchema#>
PREFIX rdfs: <http://www.w3.org/2000/01/rdf-schema#>
PREFIX rdf: <http://www.w3.org/1999/02/22-rdf-syntax-ns#>
PREFIX foaf: <http://xmlns.com/foaf/0.1/>
PREFIX dc: <http://purl.org/dc/elements/1.1/>
PREFIX : <http://dbpedia.org/resource/>
PREFIX dbpedia2: <http://dbpedia.org/property/>
PREFIX dbpedia: <http://dbpedia.org/>
PREFIX skos: <http://www.w3.org/2004/02/skos/core#>
SELECT * from <http://dbpedia3.8> where {
?subject rdf:type <http://dbpedia.org/class/yago/CapitalsInEurope>.
?subject rdfs:label ?label.
FILTER(lang(?abstract) = "en" && lang(?label) = "en").
} LIMIT 10
-----------------
PREFIX owl: <http://www.w3.org/2002/07/owl#>
PREFIX xsd: <http://www.w3.org/2001/XMLSchema#>
PREFIX rdfs: <http://www.w3.org/2000/01/rdf-schema#>
PREFIX rdf: <http://www.w3.org/1999/02/22-rdf-syntax-ns#>
PREFIX foaf: <http://xmlns.com/foaf/0.1/>
PREFIX dc: <http://purl.org/dc/elements/1.1/>
PREFIX : <http://dbpedia.org/resource/>
PREFIX dbpedia2: <http://dbpedia.org/property/>
PREFIX dbpedia: <http://dbpedia.org/>
PREFIX skos: <http://www.w3.org/2004/02/skos/core#>
SELECT * from <http://dbpedia3.8> where {
?subject rdf:type <http://dbpedia.org/class/yago/CapitalsInEurope>.
?subject rdfs:label ?label.

} LIMIT 10
-----------------
PREFIX owl: <http://www.w3.org/2002/07/owl#>
PREFIX xsd: <http://www.w3.org/2001/XMLSchema#>
PREFIX rdfs: <http://www.w3.org/2000/01/rdf-schema#>
PREFIX rdf: <http://www.w3.org/1999/02/22-rdf-syntax-ns#>
PREFIX foaf: <http://xmlns.com/foaf/0.1/>
PREFIX dc: <http://purl.org/dc/elements/1.1/>
PREFIX : <http://dbpedia.org/resource/>
PREFIX dbpedia2: <http://dbpedia.org/property/>
PREFIX dbpedia: <http://dbpedia.org/>
PREFIX skos: <http://www.w3.org/2004/02/skos/core#>
SELECT * from <http://dbpedia3.8> where {
?subject rdf:type <http://dbpedia.org/class/yago/CapitalsInEurope>.
?subject rdfs:label ?label.
?subject rdfs:comment ?abstract.
FILTER (lang(?label) = "en" && lang(?abstract) = "en")
} LIMIT 20
-----------------
PREFIX owl: <http://www.w3.org/2002/07/owl#>
PREFIX xsd: <http://www.w3.org/2001/XMLSchema#>
PREFIX rdfs: <http://www.w3.org/2000/01/rdf-schema#>
PREFIX rdf: <http://www.w3.org/1999/02/22-rdf-syntax-ns#>
PREFIX foaf: <http://xmlns.com/foaf/0.1/>
PREFIX dc: <http://purl.org/dc/elements/1.1/>
PREFIX : <http://dbpedia.org/resource/>
PREFIX dbpedia2: <http://dbpedia.org/property/>
PREFIX dbpedia: <http://dbpedia.org/>
PREFIX skos: <http://www.w3.org/2004/02/skos/core#>
SELECT * 
from <http://dbpedia3.8> where {
?subject rdfs:country rdf:type <http://dbpedia.org/class/yago/CapitalsInEurope>.
?subject rdfs:gini ?gini.
?subject rdfs:comment ?abstract.
FILTER (lang(?label) = "en" && lang(?abstract) = "en")
} LIMIT 20
-----------------
PREFIX owl: <http://www.w3.org/2002/07/owl#>
PREFIX xsd: <http://www.w3.org/2001/XMLSchema#>
PREFIX rdfs: <http://www.w3.org/2000/01/rdf-schema#>
PREFIX rdf: <http://www.w3.org/1999/02/22-rdf-syntax-ns#>
PREFIX foaf: <http://xmlns.com/foaf/0.1/>
PREFIX dc: <http://purl.org/dc/elements/1.1/>
PREFIX : <http://dbpedia.org/resource/>
PREFIX dbpedia2: <http://dbpedia.org/property/>
PREFIX dbpedia: <http://dbpedia.org/>
PREFIX skos: <http://www.w3.org/2004/02/skos/core#>
SELECT * from <http://dbpedia3.8> where {
?subject rdf:type <http://dbpedia.org/class/yago/CapitalsInEurope>.
?subject rdfs:label ?label.
?subject rdfs:comment ?abstract.
FILTER (lang(?label) = "en" && lang(?abstract) = "en")
} LIMIT 20
-----------------
PREFIX owl: <http://www.w3.org/2002/07/owl#>
PREFIX xsd: <http://www.w3.org/2001/XMLSchema#>
PREFIX rdfs: <http://www.w3.org/2000/01/rdf-schema#>
PREFIX rdf: <http://www.w3.org/1999/02/22-rdf-syntax-ns#>
PREFIX foaf: <http://xmlns.com/foaf/0.1/>
PREFIX dc: <http://purl.org/dc/elements/1.1/>
PREFIX : <http://dbpedia.org/resource/>
PREFIX dbpedia2: <http://dbpedia.org/property/>
PREFIX dbpedia: <http://dbpedia.org/>
PREFIX skos: <http://www.w3.org/2004/02/skos/core#>
SELECT * from <http://dbpedia3.8> where {
?subject rdf:type <http://dbpedia.org/class/yago/CapitalsInEurope>.
?subject rdfs:label ?label.
?subject rdfs:comment ?abstract.
FILTER (lang(?label) = "en" && lang(?abstract) = "en")
} LIMIT 20
-----------------
PREFIX owl: <http://www.w3.org/2002/07/owl#>
PREFIX xsd: <http://www.w3.org/2001/XMLSchema#>
PREFIX rdfs: <http://www.w3.org/2000/01/rdf-schema#>
PREFIX rdf: <http://www.w3.org/1999/02/22-rdf-syntax-ns#>
PREFIX foaf: <http://xmlns.com/foaf/0.1/>
PREFIX dc: <http://purl.org/dc/elements/1.1/>
PREFIX : <http://dbpedia.org/resource/>
PREFIX dbpedia2: <http://dbpedia.org/property/>
PREFIX dbpedia: <http://dbpedia.org/>
PREFIX skos: <http://www.w3.org/2004/02/skos/core#>
SELECT * from <http://dbpedia3.8> where {
?subject rdf:type <http://dbpedia.org/class/yago/CapitalsInEurope>.
?subject rdfs:label ?label.
?subject rdfs:comment ?abstract.
FILTER (lang(?label) = "en" && lang(?abstract) = "en")
} LIMIT 20
-----------------
PREFIX owl: <http://www.w3.org/2002/07/owl#>
PREFIX xsd: <http://www.w3.org/2001/XMLSchema#>
PREFIX rdfs: <http://www.w3.org/2000/01/rdf-schema#>
PREFIX rdf: <http://www.w3.org/1999/02/22-rdf-syntax-ns#>
PREFIX foaf: <http://xmlns.com/foaf/0.1/>
PREFIX dc: <http://purl.org/dc/elements/1.1/>
PREFIX : <http://dbpedia.org/resource/>
PREFIX dbpedia2: <http://dbpedia.org/property/>
PREFIX dbpedia: <http://dbpedia.org/>
PREFIX skos: <http://www.w3.org/2004/02/skos/core#>
SELECT * from <http://dbpedia3.8> where {
?subject rdf:type <http://dbpedia.org/class/yago/CapitalsInEurope>.
?subject rdfs:label ?label.
?subject rdfs:comment ?abstract.
FILTER (lang(?label) = "en" && lang(?abstract) = "en")
} LIMIT 20
-----------------
PREFIX owl: <http://www.w3.org/2002/07/owl#>
PREFIX xsd: <http://www.w3.org/2001/XMLSchema#>
PREFIX rdfs: <http://www.w3.org/2000/01/rdf-schema#>
PREFIX rdf: <http://www.w3.org/1999/02/22-rdf-syntax-ns#>
PREFIX foaf: <http://xmlns.com/foaf/0.1/>
PREFIX dc: <http://purl.org/dc/elements/1.1/>
PREFIX : <http://dbpedia.org/resource/>
PREFIX dbpedia2: <http://dbpedia.org/property/>
PREFIX dbpedia: <http://dbpedia.org/>
PREFIX skos: <http://www.w3.org/2004/02/skos/core#>
SELECT * from <http://dbpedia3.8> where {
?subject rdf:type <http://dbpedia.org/class/yago/CapitalsInEurope>.
?subject rdfs:label ?label.
?subject rdfs:comment ?abstract.
FILTER (lang(?label) = "en" && lang(?abstract) = "en")
} LIMIT 20
-----------------
PREFIX owl: <http://www.w3.org/2002/07/owl#>
PREFIX xsd: <http://www.w3.org/2001/XMLSchema#>
PREFIX rdfs: <http://www.w3.org/2000/01/rdf-schema#>
PREFIX rdf: <http://www.w3.org/1999/02/22-rdf-syntax-ns#>
PREFIX foaf: <http://xmlns.com/foaf/0.1/>
PREFIX dc: <http://purl.org/dc/elements/1.1/>
PREFIX : <http://dbpedia.org/resource/>
PREFIX dbpedia2: <http://dbpedia.org/property/>
PREFIX dbpedia: <http://dbpedia.org/>
PREFIX skos: <http://www.w3.org/2004/02/skos/core#>

SELECT * from <http://dbpedia3.8> where {
?subject rdf:type <http://dbpedia.org/class/yago/CapitalsInEurope>.
?subject rdfs:label ?label.
?subject rdfs:comment ?abstract.
FILTER (lang(?label) = "en" && lang(?abstract) = "en")
} LIMIT 20

-----------------
PREFIX owl: <http://www.w3.org/2002/07/owl#>
PREFIX xsd: <http://www.w3.org/2001/XMLSchema#>
PREFIX rdfs: <http://www.w3.org/2000/01/rdf-schema#>
PREFIX rdf: <http://www.w3.org/1999/02/22-rdf-syntax-ns#>
PREFIX foaf: <http://xmlns.com/foaf/0.1/>
PREFIX dc: <http://purl.org/dc/elements/1.1/>
PREFIX : <http://dbpedia.org/resource/>
PREFIX dbpedia2: <http://dbpedia.org/property/>
PREFIX dbpedia: <http://dbpedia.org/>


SELECT * from <http://dbpedia3.8> where {
?subject rdf:type <http://dbpedia.org/class/yago/CapitalsInEurope>.
?subject rdfs:label ?label.
?subject rdfs:comment ?abstract.
FILTER (lang(?label) = "en" && lang(?abstract) = "en")
} LIMIT 20

-----------------
PREFIX owl: <http://www.w3.org/2002/07/owl#>
PREFIX xsd: <http://www.w3.org/2001/XMLSchema#>
PREFIX rdfs: <http://www.w3.org/2000/01/rdf-schema#>
PREFIX rdf: <http://www.w3.org/1999/02/22-rdf-syntax-ns#>
PREFIX foaf: <http://xmlns.com/foaf/0.1/>
PREFIX dc: <http://purl.org/dc/elements/1.1/>
PREFIX : <http://dbpedia.org/resource/>
PREFIX dbpedia2: <http://dbpedia.org/property/>
PREFIX dbpedia: <http://dbpedia.org/>
PREFIX skos: <http://www.w3.org/2004/02/skos/core#>
SELECT * from <http://dbpedia3.8> where {
?subject rdf:type <http://dbpedia.org/class/yago/CapitalsInEurope>.
?subject rdfs:label ?label.
?subject rdfs:comment ?abstract.
FILTER (lang(?label) = "en" && lang(?abstract) = "en")
} LIMIT 20
-----------------
PREFIX owl: <http://www.w3.org/2002/07/owl#>
PREFIX xsd: <http://www.w3.org/2001/XMLSchema#>
PREFIX rdfs: <http://www.w3.org/2000/01/rdf-schema#>
PREFIX rdf: <http://www.w3.org/1999/02/22-rdf-syntax-ns#>
PREFIX foaf: <http://xmlns.com/foaf/0.1/>
PREFIX dc: <http://purl.org/dc/elements/1.1/>
PREFIX : <http://dbpedia.org/resource/>
PREFIX dbpedia2: <http://dbpedia.org/property/>
PREFIX dbpedia: <http://dbpedia.org/>
PREFIX skos: <http://www.w3.org/2004/02/skos/core#>
SELECT * from <http://dbpedia3.8> where {
?subject rdf:type <http://dbpedia.org/class/yago/CapitalsInEurope>.
?subject rdfs:label ?label.
?subject rdfs:comment ?abstract.
FILTER (lang(?label) = "en" && lang(?abstract) = "en")
} LIMIT 20
-----------------
PREFIX owl: <http://www.w3.org/2002/07/owl#>
PREFIX xsd: <http://www.w3.org/2001/XMLSchema#>
PREFIX rdfs: <http://www.w3.org/2000/01/rdf-schema#>
PREFIX rdf: <http://www.w3.org/1999/02/22-rdf-syntax-ns#>
PREFIX foaf: <http://xmlns.com/foaf/0.1/>
PREFIX dc: <http://purl.org/dc/elements/1.1/>
PREFIX : <http://dbpedia.org/resource/>
PREFIX dbpedia2: <http://dbpedia.org/property/>
PREFIX dbpedia: <http://dbpedia.org/>
PREFIX skos: <http://www.w3.org/2004/02/skos/core#>
SELECT * from <http://dbpedia3.8> where {
?subject rdf:type <http://dbpedia.org/class/yago/CapitalsInEurope>.
?subject rdfs:label ?label.
?subject rdfs:comment ?abstract.
FILTER (lang(?label) = "en" && lang(?abstract) = "en")
} LIMIT 20
-----------------
PREFIX owl: <http://www.w3.org/2002/07/owl#>
PREFIX xsd: <http://www.w3.org/2001/XMLSchema#>
PREFIX rdfs: <http://www.w3.org/2000/01/rdf-schema#>
PREFIX rdf: <http://www.w3.org/1999/02/22-rdf-syntax-ns#>
PREFIX foaf: <http://xmlns.com/foaf/0.1/>
PREFIX dc: <http://purl.org/dc/elements/1.1/>
PREFIX : <http://dbpedia.org/resource/>
PREFIX dbpedia2: <http://dbpedia.org/property/>
PREFIX dbpedia: <http://dbpedia.org/>
PREFIX skos: <http://www.w3.org/2004/02/skos/core#>
SELECT * from <http://dbpedia3.8> where {
?subject rdf:type <http://dbpedia.org/class/yago/CapitalsInEurope>.
?subject rdfs:label ?label.
?subject rdfs:comment ?abstract.
FILTER (lang(?label) = "en" && lang(?abstract) = "en")
} LIMIT 20
-----------------
PREFIX owl: <http://www.w3.org/2002/07/owl#>
PREFIX xsd: <http://www.w3.org/2001/XMLSchema#>
PREFIX rdfs: <http://www.w3.org/2000/01/rdf-schema#>
PREFIX rdf: <http://www.w3.org/1999/02/22-rdf-syntax-ns#>
PREFIX foaf: <http://xmlns.com/foaf/0.1/>
PREFIX dc: <http://purl.org/dc/elements/1.1/>
PREFIX : <http://dbpedia.org/resource/>
PREFIX dbpedia2: <http://dbpedia.org/property/>
PREFIX dbpedia: <http://dbpedia.org/>
PREFIX skos: <http://www.w3.org/2004/02/skos/core#>
SELECT * from <http://dbpedia3.8> where {
?subject rdf:type <http://dbpedia.org/class/yago/CapitalsInEurope>.
?subject rdfs:label ?label.
?subject rdfs:comment ?abstract.
FILTER (lang(?label) = "en" && lang(?abstract) = "en")
} LIMIT 20
-----------------
PREFIX owl: <http://www.w3.org/2002/07/owl#>
PREFIX xsd: <http://www.w3.org/2001/XMLSchema#>
PREFIX rdfs: <http://www.w3.org/2000/01/rdf-schema#>
PREFIX rdf: <http://www.w3.org/1999/02/22-rdf-syntax-ns#>
PREFIX foaf: <http://xmlns.com/foaf/0.1/>
PREFIX dc: <http://purl.org/dc/elements/1.1/>
PREFIX : <http://dbpedia.org/resource/>
PREFIX dbpedia2: <http://dbpedia.org/property/>
PREFIX dbpedia: <http://dbpedia.org/>
PREFIX skos: <http://www.w3.org/2004/02/skos/core#>
SELECT * from <http://dbpedia3.8> where {
?subject rdf:type <http://dbpedia.org/class/yago/CapitalsInEurope>.
?subject rdfs:label ?label.
?subject rdfs:comment ?abstract.
FILTER (lang(?label) = "en" && lang(?abstract) = "en")
} LIMIT 20
-----------------
PREFIX owl: <http://www.w3.org/2002/07/owl#>
PREFIX xsd: <http://www.w3.org/2001/XMLSchema#>
PREFIX rdfs: <http://www.w3.org/2000/01/rdf-schema#>
PREFIX rdf: <http://www.w3.org/1999/02/22-rdf-syntax-ns#>
PREFIX foaf: <http://xmlns.com/foaf/0.1/>
PREFIX dc: <http://purl.org/dc/elements/1.1/>
PREFIX : <http://dbpedia.org/resource/>
PREFIX dbpedia2: <http://dbpedia.org/property/>
PREFIX dbpedia: <http://dbpedia.org/>
PREFIX skos: <http://www.w3.org/2004/02/skos/core#>
SELECT * from <http://dbpedia3.8> where {
?subject rdf:type <http://dbpedia.org/class/yago/CapitalsInEurope>.
?subject rdfs:label ?label.
?subject rdfs:comment ?abstract.
FILTER (lang(?label) = "en" && lang(?abstract) = "en")
} LIMIT 20
-----------------
PREFIX owl: <http://www.w3.org/2002/07/owl#>
PREFIX xsd: <http://www.w3.org/2001/XMLSchema#>
PREFIX rdfs: <http://www.w3.org/2000/01/rdf-schema#>
PREFIX rdf: <http://www.w3.org/1999/02/22-rdf-syntax-ns#>
PREFIX foaf: <http://xmlns.com/foaf/0.1/>
PREFIX dc: <http://purl.org/dc/elements/1.1/>
PREFIX : <http://dbpedia.org/resource/>
PREFIX dbpedia2: <http://dbpedia.org/property/>
PREFIX dbpedia: <http://dbpedia.org/>
PREFIX skos: <http://www.w3.org/2004/02/skos/core#>
SELECT * from <http://dbpedia3.8> where {
?subject rdf:type <http://dbpedia.org/class/yago/CapitalsInEurope>.
?subject rdfs:label ?label.
?subject rdfs:comment ?abstract.
FILTER (lang(?label) = "en" && lang(?abstract) = "en")
} LIMIT 2
-----------------
PREFIX owl: <http://www.w3.org/2002/07/owl#>
PREFIX xsd: <http://www.w3.org/2001/XMLSchema#>
PREFIX rdfs: <http://www.w3.org/2000/01/rdf-schema#>
PREFIX rdf: <http://www.w3.org/1999/02/22-rdf-syntax-ns#>
PREFIX foaf: <http://xmlns.com/foaf/0.1/>
PREFIX dc: <http://purl.org/dc/elements/1.1/>
PREFIX : <http://dbpedia.org/resource/>
PREFIX dbpedia2: <http://dbpedia.org/property/>
PREFIX dbpedia: <http://dbpedia.org/>
PREFIX skos: <http://www.w3.org/2004/02/skos/core#>
SELECT * from <http://dbpedia3.8> where {
?subject rdf:type <http://dbpedia.org/class/yago/CapitalsInEurope>.
?subject rdfs:label ?label.
?subject rdfs:comment ?abstract.
FILTER (lang(?label) = "en" && lang(?abstract) = "en")
} LIMIT 20
-----------------
PREFIX owl: <http://www.w3.org/2002/07/owl#>
PREFIX xsd: <http://www.w3.org/2001/XMLSchema#>
PREFIX rdfs: <http://www.w3.org/2000/01/rdf-schema#>
PREFIX rdf: <http://www.w3.org/1999/02/22-rdf-syntax-ns#>
PREFIX foaf: <http://xmlns.com/foaf/0.1/>
PREFIX dc: <http://purl.org/dc/elements/1.1/>
PREFIX : <http://dbpedia.org/resource/>
PREFIX dbpedia2: <http://dbpedia.org/property/>
PREFIX dbpedia: <http://dbpedia.org/>
PREFIX skos: <http://www.w3.org/2004/02/skos/core#>
SELECT * from <http://dbpedia3.8> where {
?subject rdf:type <http://dbpedia.org/class/yago/CapitalsInEurope>.
?subject rdfs:label ?label.
?subject rdfs:comment ?abstract.
FILTER (lang(?label) = "en" && lang(?abstract) = "en")
} LIMIT 20
-----------------
PREFIX owl: <http://www.w3.org/2002/07/owl#>
PREFIX xsd: <http://www.w3.org/2001/XMLSchema#>
PREFIX rdfs: <http://www.w3.org/2000/01/rdf-schema#>
PREFIX rdf: <http://www.w3.org/1999/02/22-rdf-syntax-ns#>
PREFIX foaf: <http://xmlns.com/foaf/0.1/>
PREFIX dc: <http://purl.org/dc/elements/1.1/>
PREFIX : <http://dbpedia.org/resource/>
PREFIX dbpedia2: <http://dbpedia.org/property/>
PREFIX dbpedia: <http://dbpedia.org/>
PREFIX skos: <http://www.w3.org/2004/02/skos/core#>
SELECT * from <http://dbpedia3.8> where {
?subject rdf:type <http://dbpedia.org/class/yago/CapitalsInEurope>.
?subject rdfs:label ?label.
?subject rdfs:comment ?abstract.
FILTER (lang(?label) = "en" && lang(?abstract) = "en")
} LIMIT 20
-----------------
PREFIX owl: <http://www.w3.org/2002/07/owl#>
PREFIX xsd: <http://www.w3.org/2001/XMLSchema#>
PREFIX rdfs: <http://www.w3.org/2000/01/rdf-schema#>
PREFIX rdf: <http://www.w3.org/1999/02/22-rdf-syntax-ns#>
PREFIX foaf: <http://xmlns.com/foaf/0.1/>
PREFIX dc: <http://purl.org/dc/elements/1.1/>
PREFIX : <http://dbpedia.org/resource/>
PREFIX dbpedia2: <http://dbpedia.org/property/>
PREFIX dbpedia: <http://dbpedia.org/>
PREFIX skos: <http://www.w3.org/2004/02/skos/core#>
SELECT * from <http://dbpedia3.8> where {
?subject rdf:type <http://dbpedia.org/class/yago/CapitalsInEurope>.
?subject rdfs:label ?label.
?subject rdfs:comment ?abstract.
FILTER (lang(?label) = "en" && lang(?abstract) = "en")
} LIMIT 2
-----------------
PREFIX owl: <http://www.w3.org/2002/07/owl#>
PREFIX xsd: <http://www.w3.org/2001/XMLSchema#>
PREFIX rdfs: <http://www.w3.org/2000/01/rdf-schema#>
PREFIX rdf: <http://www.w3.org/1999/02/22-rdf-syntax-ns#>
PREFIX foaf: <http://xmlns.com/foaf/0.1/>
PREFIX dc: <http://purl.org/dc/elements/1.1/>
PREFIX : <http://dbpedia.org/resource/>
PREFIX dbpedia2: <http://dbpedia.org/property/>
PREFIX dbpedia: <http://dbpedia.org/>
PREFIX skos: <http://www.w3.org/2004/02/skos/core#>
SELECT * from <http://dbpedia3.8> where {
?subject rdf:type <http://dbpedia.org/class/yago/CapitalsInEurope>.
?subject rdfs:label ?label.
?subject rdfs:comment ?abstract.
FILTER (lang(?label) = "en" && lang(?abstract) = "en")
} LIMIT 20
-----------------
PREFIX owl: <http://www.w3.org/2002/07/owl#>
PREFIX xsd: <http://www.w3.org/2001/XMLSchema#>
PREFIX rdfs: <http://www.w3.org/2000/01/rdf-schema#>
PREFIX rdf: <http://www.w3.org/1999/02/22-rdf-syntax-ns#>
PREFIX foaf: <http://xmlns.com/foaf/0.1/>
PREFIX dc: <http://purl.org/dc/elements/1.1/>
PREFIX : <http://dbpedia.org/resource/>
PREFIX dbpedia2: <http://dbpedia.org/property/>
PREFIX dbpedia: <http://dbpedia.org/>
PREFIX skos: <http://www.w3.org/2004/02/skos/core#>
SELECT * from <http://dbpedia3.8> where {
?subject rdf:type <http://dbpedia.org/class/yago/CapitalsInEurope>.
?subject rdfs:label ?label.
?subject rdfs:comment ?abstract.
FILTER (lang(?label) = "en" && lang(?abstract) = "en")
} LIMIT 20
-----------------
PREFIX owl: <http://www.w3.org/2002/07/owl#>
PREFIX xsd: <http://www.w3.org/2001/XMLSchema#>
PREFIX rdfs: <http://www.w3.org/2000/01/rdf-schema#>
PREFIX rdf: <http://www.w3.org/1999/02/22-rdf-syntax-ns#>
PREFIX foaf: <http://xmlns.com/foaf/0.1/>
PREFIX dc: <http://purl.org/dc/elements/1.1/>
PREFIX : <http://dbpedia.org/resource/>
PREFIX dbpedia2: <http://dbpedia.org/property/>
PREFIX dbpedia: <http://dbpedia.org/>
PREFIX skos: <http://www.w3.org/2004/02/skos/core#>
SELECT * from <http://dbpedia3.8> where {
?subject rdf:type <http://dbpedia.org/class/yago/CapitalsInEurope>.
?subject rdfs:label ?label.
?subject rdfs:comment ?abstract.
FILTER (lang(?label) = "en" && lang(?abstract) = "en")
} LIMIT 20
-----------------
PREFIX owl: <http://www.w3.org/2002/07/owl#>
PREFIX xsd: <http://www.w3.org/2001/XMLSchema#>
PREFIX rdfs: <http://www.w3.org/2000/01/rdf-schema#>
PREFIX rdf: <http://www.w3.org/1999/02/22-rdf-syntax-ns#>
PREFIX foaf: <http://xmlns.com/foaf/0.1/>
PREFIX dc: <http://purl.org/dc/elements/1.1/>
PREFIX : <http://dbpedia.org/resource/>
PREFIX dbpedia2: <http://dbpedia.org/property/>
PREFIX dbpedia: <http://dbpedia.org/>
PREFIX skos: <http://www.w3.org/2004/02/skos/core#>
SELECT * from <http://dbpedia3.8> where {
?subject rdf:type <http://dbpedia.org/class/yago/CapitalsInEurope>.
?subject rdfs:label ?label.
?subject rdfs:comment ?abstract.
FILTER (lang(?label) = "en" && lang(?abstract) = "en")
} LIMIT 20
-----------------
PREFIX owl: <http://www.w3.org/2002/07/owl#>
PREFIX xsd: <http://www.w3.org/2001/XMLSchema#>
PREFIX rdfs: <http://www.w3.org/2000/01/rdf-schema#>
PREFIX rdf: <http://www.w3.org/1999/02/22-rdf-syntax-ns#>
PREFIX foaf: <http://xmlns.com/foaf/0.1/>
PREFIX dc: <http://purl.org/dc/elements/1.1/>
PREFIX : <http://dbpedia.org/resource/>
PREFIX dbpedia2: <http://dbpedia.org/property/>
PREFIX dbpedia: <http://dbpedia.org/>
PREFIX skos: <http://www.w3.org/2004/02/skos/core#>
SELECT * from <http://dbpedia3.8> where {
?subject rdf:type <http://dbpedia.org/class/yago/CapitalsInEurope>.
?subject rdfs:label ?label.
?subject rdfs:comment ?abstract.
FILTER (lang(?label) = "en" && lang(?abstract) = "en")
} LIMIT 20
-----------------
PREFIX owl: <http://www.w3.org/2002/07/owl#>
PREFIX xsd: <http://www.w3.org/2001/XMLSchema#>
PREFIX rdfs: <http://www.w3.org/2000/01/rdf-schema#>
PREFIX rdf: <http://www.w3.org/1999/02/22-rdf-syntax-ns#>
PREFIX foaf: <http://xmlns.com/foaf/0.1/>
PREFIX dc: <http://purl.org/dc/elements/1.1/>
PREFIX : <http://dbpedia.org/resource/>
PREFIX dbpedia2: <http://dbpedia.org/property/>
PREFIX dbpedia: <http://dbpedia.org/>
PREFIX skos: <http://www.w3.org/2004/02/skos/core#>
SELECT * from <http://dbpedia3.8> where {
?subject rdf:type <http://dbpedia.org/class/yago/CapitalsInEurope>.
?subject rdfs:label ?label.
?subject rdfs:comment ?abstract.
FILTER (lang(?label) = "en" && lang(?abstract) = "en")
} LIMIT 20
-----------------
PREFIX owl: <http://www.w3.org/2002/07/owl#>
PREFIX xsd: <http://www.w3.org/2001/XMLSchema#>
PREFIX rdfs: <http://www.w3.org/2000/01/rdf-schema#>
PREFIX rdf: <http://www.w3.org/1999/02/22-rdf-syntax-ns#>
PREFIX foaf: <http://xmlns.com/foaf/0.1/>
PREFIX dc: <http://purl.org/dc/elements/1.1/>
PREFIX : <http://dbpedia.org/resource/>
PREFIX dbpedia2: <http://dbpedia.org/property/>
PREFIX dbpedia: <http://dbpedia.org/>
PREFIX skos: <http://www.w3.org/2004/02/skos/core#>
SELECT * from <http://dbpedia3.8> where {
?subject rdf:type <http://dbpedia.org/class/yago/CapitalsInEurope>.
?subject rdfs:label ?label.
?subject rdfs:comment ?abstract.
FILTER (lang(?label) = "en" && lang(?abstract) = "en")
} LIMIT 20
-----------------
PREFIX owl: <http://www.w3.org/2002/07/owl#>
PREFIX xsd: <http://www.w3.org/2001/XMLSchema#>
PREFIX rdfs: <http://www.w3.org/2000/01/rdf-schema#>
PREFIX rdf: <http://www.w3.org/1999/02/22-rdf-syntax-ns#>
PREFIX foaf: <http://xmlns.com/foaf/0.1/>
PREFIX dc: <http://purl.org/dc/elements/1.1/>
PREFIX : <http://dbpedia.org/resource/>
PREFIX dbpedia2: <http://dbpedia.org/property/>
PREFIX dbpedia: <http://dbpedia.org/>
PREFIX skos: <http://www.w3.org/2004/02/skos/core#>
SELECT * from <http://dbpedia3.8> where {
?subject rdf:type <http://dbpedia.org/class/yago/CapitalsInEurope>.
?subject rdfs:label ?label.
?subject rdfs:comment ?abstract.
FILTER (lang(?label) = "en" && lang(?abstract) = "en")
} LIMIT 20
-----------------
PREFIX owl: <http://www.w3.org/2002/07/owl#>
PREFIX xsd: <http://www.w3.org/2001/XMLSchema#>
PREFIX rdfs: <http://www.w3.org/2000/01/rdf-schema#>
PREFIX rdf: <http://www.w3.org/1999/02/22-rdf-syntax-ns#>
PREFIX foaf: <http://xmlns.com/foaf/0.1/>
PREFIX dc: <http://purl.org/dc/elements/1.1/>
PREFIX : <http://dbpedia.org/resource/>
PREFIX dbpedia2: <http://dbpedia.org/property/>
PREFIX dbpedia: <http://dbpedia.org/>
PREFIX skos: <http://www.w3.org/2004/02/skos/core#>
SELECT * from <http://dbpedia3.8> where {
?subject rdf:type <http://dbpedia.org/class/yago/CapitalsInEurope>.
?subject rdfs:label ?label.
?subject rdfs:comment ?abstract.
FILTER (lang(?label) = "en" && lang(?abstract) = "en")
} LIMIT 20
-----------------
PREFIX owl: <http://www.w3.org/2002/07/owl#>
PREFIX xsd: <http://www.w3.org/2001/XMLSchema#>
PREFIX rdfs: <http://www.w3.org/2000/01/rdf-schema#>
PREFIX rdf: <http://www.w3.org/1999/02/22-rdf-syntax-ns#>
PREFIX foaf: <http://xmlns.com/foaf/0.1/>
PREFIX dc: <http://purl.org/dc/elements/1.1/>
PREFIX : <http://dbpedia.org/resource/>
PREFIX dbpedia2: <http://dbpedia.org/property/>
PREFIX dbpedia: <http://dbpedia.org/>
PREFIX skos: <http://www.w3.org/2004/02/skos/core#>
SELECT * from <http://dbpedia3.8> where {
?subject rdf:type <http://dbpedia.org/class/yago/CapitalsInEurope>.
?subject rdfs:label ?label.
?subject rdfs:comment ?abstract.
FILTER (lang(?label) = "en" && lang(?abstract) = "en")
} LIMIT 20
-----------------
PREFIX owl: <http://www.w3.org/2002/07/owl#>
PREFIX xsd: <http://www.w3.org/2001/XMLSchema#>
PREFIX rdfs: <http://www.w3.org/2000/01/rdf-schema#>
PREFIX rdf: <http://www.w3.org/1999/02/22-rdf-syntax-ns#>
PREFIX foaf: <http://xmlns.com/foaf/0.1/>
PREFIX dc: <http://purl.org/dc/elements/1.1/>
PREFIX : <http://dbpedia.org/resource/>
PREFIX dbpedia2: <http://dbpedia.org/property/>
PREFIX dbpedia: <http://dbpedia.org/>
PREFIX skos: <http://www.w3.org/2004/02/skos/core#>
SELECT * from <http://dbpedia3.8> where {
?subject rdf:type <http://dbpedia.org/class/yago/CapitalsInEurope>.
?subject rdfs:label ?label.
?subject rdfs:comment ?abstract.
FILTER (lang(?label) = "en" && lang(?abstract) = "en")
} LIMIT 20
-----------------
PREFIX owl: <http://www.w3.org/2002/07/owl#>
PREFIX xsd: <http://www.w3.org/2001/XMLSchema#>
PREFIX rdfs: <http://www.w3.org/2000/01/rdf-schema#>
PREFIX rdf: <http://www.w3.org/1999/02/22-rdf-syntax-ns#>
PREFIX foaf: <http://xmlns.com/foaf/0.1/>
PREFIX dc: <http://purl.org/dc/elements/1.1/>
PREFIX : <http://dbpedia.org/resource/>
PREFIX dbpedia2: <http://dbpedia.org/property/>
PREFIX dbpedia: <http://dbpedia.org/>
PREFIX skos: <http://www.w3.org/2004/02/skos/core#>
SELECT * from <http://dbpedia3.8> where {
?subject rdf:type <http://dbpedia.org/class/yago/CapitalsInEurope>.
?subject rdfs:label ?label.
?subject rdfs:comment ?abstract.
FILTER (lang(?label) = "en" && lang(?abstract) = "en")
} LIMIT 20
-----------------
PREFIX owl: <http://www.w3.org/2002/07/owl#>
PREFIX xsd: <http://www.w3.org/2001/XMLSchema#>
PREFIX rdfs: <http://www.w3.org/2000/01/rdf-schema#>
PREFIX rdf: <http://www.w3.org/1999/02/22-rdf-syntax-ns#>
PREFIX foaf: <http://xmlns.com/foaf/0.1/>
PREFIX dc: <http://purl.org/dc/elements/1.1/>
PREFIX : <http://dbpedia.org/resource/>
PREFIX dbpedia2: <http://dbpedia.org/property/>
PREFIX dbpedia: <http://dbpedia.org/>
PREFIX skos: <http://www.w3.org/2004/02/skos/core#>
SELECT * from <http://dbpedia3.8> where {
?subject rdf:type <http://dbpedia.org/class/yago/CapitalsInEurope>.
?subject rdfs:label ?label.
?subject rdfs:comment ?abstract.
FILTER (lang(?label) = "en" && lang(?abstract) = "en")
} LIMIT 20
-----------------
PREFIX owl: <http://www.w3.org/2002/07/owl#>
PREFIX xsd: <http://www.w3.org/2001/XMLSchema#>
PREFIX rdfs: <http://www.w3.org/2000/01/rdf-schema#>
PREFIX rdf: <http://www.w3.org/1999/02/22-rdf-syntax-ns#>
PREFIX foaf: <http://xmlns.com/foaf/0.1/>
PREFIX dc: <http://purl.org/dc/elements/1.1/>
PREFIX : <http://dbpedia.org/resource/>
PREFIX dbpedia2: <http://dbpedia.org/property/>
PREFIX dbpedia: <http://dbpedia.org/>
PREFIX skos: <http://www.w3.org/2004/02/skos/core#>
SELECT * from <http://dbpedia3.8> where {
?subject rdf:type <http://dbpedia.org/class/yago/CapitalsInEurope>.
?subject rdfs:label ?label.
?subject rdfs:comment ?abstract.
FILTER (lang(?label) = "ru" && lang(?abstract) = "ru")
} LIMIT 20
-----------------
PREFIX owl: <http://www.w3.org/2002/07/owl#>
PREFIX xsd: <http://www.w3.org/2001/XMLSchema#>
PREFIX rdfs: <http://www.w3.org/2000/01/rdf-schema#>
PREFIX rdf: <http://www.w3.org/1999/02/22-rdf-syntax-ns#>
PREFIX foaf: <http://xmlns.com/foaf/0.1/>
PREFIX dc: <http://purl.org/dc/elements/1.1/>
PREFIX : <http://dbpedia.org/resource/>
PREFIX dbpedia2: <http://dbpedia.org/property/>
PREFIX dbpedia: <http://dbpedia.org/>
PREFIX skos: <http://www.w3.org/2004/02/skos/core#>
SELECT * from <http://dbpedia3.8> where {
?subject rdf:type <http://dbpedia.org/class/yago/CapitalsInEurope>.
?subject rdfs:label ?label.
?subject rdfs:comment ?abstract.
FILTER (lang(?label) = "en" && lang(?abstract) = "en")
} LIMIT 20
-----------------
PREFIX owl: <http://www.w3.org/2002/07/owl#>
PREFIX xsd: <http://www.w3.org/2001/XMLSchema#>
PREFIX rdfs: <http://www.w3.org/2000/01/rdf-schema#>
PREFIX rdf: <http://www.w3.org/1999/02/22-rdf-syntax-ns#>
PREFIX foaf: <http://xmlns.com/foaf/0.1/>
PREFIX dc: <http://purl.org/dc/elements/1.1/>
PREFIX : <http://dbpedia.org/resource/>
PREFIX dbpedia2: <http://dbpedia.org/property/>
PREFIX dbpedia: <http://dbpedia.org/>
PREFIX skos: <http://www.w3.org/2004/02/skos/core#>
SELECT * from <http://dbpedia3.8> where {
?subject rdf:type <http://dbpedia.org/class/yago/CapitalsInEurope>.
?subject rdfs:label ?label.
?subject rdfs:comment ?abstract.
FILTER (lang(?label) = "ru" && lang(?abstract) = "ru")
} LIMIT 20
-----------------
select distinct *

from <http://dbpedia3.8> where {

?subject rdf:type <http://dbpedia.org/class/yago/CapitalsInEurope>.

}

LIMIT 100
-----------------
select distinct *

from <http://dbpedia3.8> where {

 ?peli rdf:type <http://dbpedia.org/class/yago/SpanishFilm>.
 ?peli rdf:type <http://dbpedia.org/class/yago/CapitalsInEurope>.


}

LIMIT 100
-----------------
select distinct *

from <http://dbpedia3.8> where {

 ?peli rdf:type <http://dbpedia.org/class/yago/CapitalsInEurope>.


}

LIMIT 100
-----------------
PREFIX owl: <http://www.w3.org/2002/07/owl#>
PREFIX xsd: <http://www.w3.org/2001/XMLSchema#>
PREFIX rdfs: <http://www.w3.org/2000/01/rdf-schema#>
PREFIX rdf: <http://www.w3.org/1999/02/22-rdf-syntax-ns#>
PREFIX foaf: <http://xmlns.com/foaf/0.1/>
PREFIX dc: <http://purl.org/dc/elements/1.1/>
PREFIX : <http://dbpedia.org/resource/>
PREFIX dbpedia2: <http://dbpedia.org/property/>
PREFIX dbpedia: <http://dbpedia.org/>
PREFIX skos: <http://www.w3.org/2004/02/skos/core#>
SELECT * from <http://dbpedia3.8> where {
?subject rdf:type <http://dbpedia.org/class/yago/CapitalsInEurope>.
?subject rdfs:label ?label.
?subject rdfs:comment ?abstract.
FILTER (lang(?label) = "en" && lang(?abstract) = "en")
} LIMIT 20
-----------------
PREFIX owl: <http://www.w3.org/2002/07/owl#>
PREFIX xsd: <http://www.w3.org/2001/XMLSchema#>
PREFIX rdfs: <http://www.w3.org/2000/01/rdf-schema#>
PREFIX rdf: <http://www.w3.org/1999/02/22-rdf-syntax-ns#>
PREFIX foaf: <http://xmlns.com/foaf/0.1/>
PREFIX dc: <http://purl.org/dc/elements/1.1/>
PREFIX : <http://dbpedia.org/resource/>
PREFIX dbpedia2: <http://dbpedia.org/property/>
PREFIX dbpedia: <http://dbpedia.org/>
PREFIX skos: <http://www.w3.org/2004/02/skos/core#>
SELECT * from <http://dbpedia3.8> where {
?subject rdf:type <http://dbpedia.org/class/yago/CapitalsInEurope>.
?subject rdfs:label ?label.
?subject rdfs:comment ?abstract.
FILTER (lang(?label) = "en" && lang(?abstract) = "en")
} LIMIT 20
-----------------
PREFIX owl: <http://www.w3.org/2002/07/owl#>
PREFIX xsd: <http://www.w3.org/2001/XMLSchema#>
PREFIX rdfs: <http://www.w3.org/2000/01/rdf-schema#>
PREFIX rdf: <http://www.w3.org/1999/02/22-rdf-syntax-ns#>
PREFIX foaf: <http://xmlns.com/foaf/0.1/>
PREFIX dc: <http://purl.org/dc/elements/1.1/>
PREFIX : <http://dbpedia.org/resource/>
PREFIX dbpedia2: <http://dbpedia.org/property/>
PREFIX dbpedia: <http://dbpedia.org/>
PREFIX skos: <http://www.w3.org/2004/02/skos/core#>
SELECT * from <http://dbpedia3.8> where {
?subject rdf:type <http://dbpedia.org/class/yago/CapitalsInEurope>.
?subject rdfs:label ?label.
?subject rdfs:comment ?abstract.
FILTER (lang(?label) = "en" && lang(?abstract) = "en")
} LIMIT 20
-----------------
PREFIX owl: <http://www.w3.org/2002/07/owl#>
PREFIX xsd: <http://www.w3.org/2001/XMLSchema#>
PREFIX rdfs: <http://www.w3.org/2000/01/rdf-schema#>
PREFIX rdf: <http://www.w3.org/1999/02/22-rdf-syntax-ns#>
PREFIX foaf: <http://xmlns.com/foaf/0.1/>
PREFIX dc: <http://purl.org/dc/elements/1.1/>
PREFIX : <http://dbpedia.org/resource/>
PREFIX dbpedia2: <http://dbpedia.org/property/>
PREFIX dbpedia: <http://dbpedia.org/>
PREFIX skos: <http://www.w3.org/2004/02/skos/core#>
SELECT * from <http://dbpedia3.8> where {
?subject rdf:type <http://dbpedia.org/class/yago/CapitalsInEurope>.
?subject rdfs:label ?label.
?subject rdfs:comment ?abstract.
FILTER (lang(?label) = "en" && lang(?abstract) = "en")
} LIMIT 20
-----------------
PREFIX owl: <http://www.w3.org/2002/07/owl#>
PREFIX xsd: <http://www.w3.org/2001/XMLSchema#>
PREFIX rdfs: <http://www.w3.org/2000/01/rdf-schema#>
PREFIX rdf: <http://www.w3.org/1999/02/22-rdf-syntax-ns#>
PREFIX foaf: <http://xmlns.com/foaf/0.1/>
PREFIX dc: <http://purl.org/dc/elements/1.1/>
PREFIX : <http://dbpedia.org/resource/>
PREFIX dbpedia2: <http://dbpedia.org/property/>
PREFIX dbpedia: <http://dbpedia.org/>
PREFIX skos: <http://www.w3.org/2004/02/skos/core#>
SELECT * from <http://dbpedia3.8> where {
?subject rdf:type <http://dbpedia.org/class/yago/CapitalsInEurope>.
?subject rdfs:label ?label.
?subject rdfs:comment ?abstract.
FILTER (lang(?label) = "en" && lang(?abstract) = "en")
} LIMIT 20
-----------------
PREFIX owl: <http://www.w3.org/2002/07/owl#>
PREFIX xsd: <http://www.w3.org/2001/XMLSchema#>
PREFIX rdfs: <http://www.w3.org/2000/01/rdf-schema#>
PREFIX rdf: <http://www.w3.org/1999/02/22-rdf-syntax-ns#>
PREFIX foaf: <http://xmlns.com/foaf/0.1/>
PREFIX dc: <http://purl.org/dc/elements/1.1/>
PREFIX : <http://dbpedia.org/resource/>
PREFIX dbpedia2: <http://dbpedia.org/property/>
PREFIX dbpedia: <http://dbpedia.org/>
PREFIX skos: <http://www.w3.org/2004/02/skos/core#>
SELECT * from <http://dbpedia3.8> where {
?subject rdf:type <http://dbpedia.org/class/yago/CapitalsInEurope>.
?subject rdfs:label ?label.
?subject rdfs:comment ?abstract.
FILTER (lang(?label) = "en" && lang(?abstract) = "en")
} LIMIT 20
-----------------
SELECT ?property ?hasValue ?isValueOf
from <http://dbpedia3.8> where {
  { <http://dbpedia.org/class/yago/CapitalsInEurope> ?property ?hasValue }
  UNION
  { ?isValueOf ?property <http://dbpedia.org/class/yago/CapitalsInEurope> }
}
-----------------
PREFIX owl: <http://www.w3.org/2002/07/owl#>
PREFIX xsd: <http://www.w3.org/2001/XMLSchema#>
PREFIX rdfs: <http://www.w3.org/2000/01/rdf-schema#>
PREFIX rdf: <http://www.w3.org/1999/02/22-rdf-syntax-ns#>
PREFIX foaf: <http://xmlns.com/foaf/0.1/>
PREFIX dc: <http://purl.org/dc/elements/1.1/>
PREFIX : <http://dbpedia.org/resource/>
PREFIX dbpedia2: <http://dbpedia.org/property/>
PREFIX dbpedia: <http://dbpedia.org/>
PREFIX skos: <http://www.w3.org/2004/02/skos/core#>
SELECT * from <http://dbpedia3.8> where {
?subject rdf:type <http://dbpedia.org/class/yago/CapitalsInEurope>.
?subject rdfs:label ?label.
?subject rdfs:comment ?abstract.
FILTER (lang(?label) = "en" && lang(?abstract) = "en")
} 
-----------------
PREFIX owl: <http://www.w3.org/2002/07/owl#>
PREFIX xsd: <http://www.w3.org/2001/XMLSchema#>
PREFIX rdfs: <http://www.w3.org/2000/01/rdf-schema#>
PREFIX rdf: <http://www.w3.org/1999/02/22-rdf-syntax-ns#>
PREFIX foaf: <http://xmlns.com/foaf/0.1/>
PREFIX dc: <http://purl.org/dc/elements/1.1/>
PREFIX : <http://dbpedia.org/resource/>
PREFIX dbpedia2: <http://dbpedia.org/property/>
PREFIX dbpedia: <http://dbpedia.org/>
PREFIX skos: <http://www.w3.org/2004/02/skos/core#>
SELECT * from <http://dbpedia3.8> where {
?subject rdf:type <http://dbpedia.org/class/yago/CapitalsInEurope>.
?subject rdfs:label ?label.
?subject rdfs:comment ?abstract.
FILTER (lang(?label) = "en" && lang(?abstract) = "en")
} LIMIT 20
-----------------
PREFIX owl: <http://www.w3.org/2002/07/owl#>
PREFIX xsd: <http://www.w3.org/2001/XMLSchema#>
PREFIX rdfs: <http://www.w3.org/2000/01/rdf-schema#>
PREFIX rdf: <http://www.w3.org/1999/02/22-rdf-syntax-ns#>
PREFIX foaf: <http://xmlns.com/foaf/0.1/>
PREFIX dc: <http://purl.org/dc/elements/1.1/>
PREFIX : <http://dbpedia.org/resource/>
PREFIX dbpedia2: <http://dbpedia.org/property/>
PREFIX dbpedia: <http://dbpedia.org/>
PREFIX skos: <http://www.w3.org/2004/02/skos/core#>
SELECT * from <http://dbpedia3.8> where {
?subject rdf:type <http://dbpedia.org/class/yago/CapitalsInEurope>.
?subject rdfs:label ?label.
?subject rdfs:comment ?abstract.
FILTER (lang(?label) = "en" && lang(?abstract) = "en")
} LIMIT 20
-----------------
PREFIX owl: <http://www.w3.org/2002/07/owl#>
PREFIX xsd: <http://www.w3.org/2001/XMLSchema#>
PREFIX rdfs: <http://www.w3.org/2000/01/rdf-schema#>
PREFIX rdf: <http://www.w3.org/1999/02/22-rdf-syntax-ns#>
PREFIX foaf: <http://xmlns.com/foaf/0.1/>
PREFIX dc: <http://purl.org/dc/elements/1.1/>
PREFIX : <http://dbpedia.org/resource/>
PREFIX dbpedia2: <http://dbpedia.org/property/>
PREFIX dbpedia: <http://dbpedia.org/>
PREFIX skos: <http://www.w3.org/2004/02/skos/core#>
SELECT * from <http://dbpedia3.8> where {
?subject rdf:type <http://dbpedia.org/class/yago/CapitalsInEurope>.
?subject rdfs:label ?label.
?subject rdfs:comment ?abstract.
FILTER (lang(?label) = "en" && lang(?abstract) = "en")
} LIMIT 20
-----------------
SELECT ?p ?x1 ?x2 ?y1 ?y2 ?x3 ?y3 from <http://dbpedia3.8> where { ?p <http://www.w3.org/1999/02/22-rdf-syntax-ns#type> <http://dbpedia.org/ontology/Settlement>.  ?p <http://www.w3.org/2003/01/geo/wgs84_pos#long> ?x1. ?p <http://www.w3.org/2003/01/geo/wgs84_pos#lat> ?y1. <http://dbpedia.org/resource/London> <http://dbpedia.org/property/longd> ?x2. <http://dbpedia.org/resource/London> <http://dbpedia.org/property/latd> ?y2. <http://dbpedia.org/resource/Paris> <http://www.w3.org/2003/01/geo/wgs84_pos#long> ?x3. <http://dbpedia.org/resource/Paris> <http://www.w3.org/2003/01/geo/wgs84_pos#lat> ?y3.{ <http://dbpedia.org/resource/London>  <http://purl.org/dc/terms/subject> ?c. ?p <http://purl.org/dc/terms/subject> ?c. } UNION { ?e ?d   <http://dbpedia.org/resource/London>  . ?e ?d ?p. }FILTER( ((?x3- ?x2)*(?x3- ?x2) +(?y3- ?y2)*(?y3- ?y2))>= ((?x3- ?x1)*(?x3- ?x1) + (?y3- ?y1)*(?y3- ?y1)) )}

-----------------