SELECT ( bif:st_distance( ?nyl,?ll ) )
AS ?distanceBetweenNewYorkCityAndLondon
from <http://dbpedia3.8> where
  {
    <http://dbpedia.org/resource/New_York_City>
        geo:geometry ?nyl .
    <http://dbpedia.org/resource/London>
        geo:geometry ?ll  .
  }
-----------------
PREFIX rdfs: <http://www.w3.org/2000/01/rdf-schema#>
		SELECT ?c ?cR from <http://dbpedia3.8> where {
		<http://dbpedia.org/resource/London> ?cR ?c.
		?c rdf:type <http://dbpedia.org/ontology/Place>  .
        } 
-----------------
PREFIX rdfs: <http://www.w3.org/2000/01/rdf-schema#>
		SELECT ?c ?cR from <http://dbpedia3.8> where {
		<http://dbpedia.org/resource/London> ?cR ?c.
        } 
-----------------
SELECT ?p ?x1 ?x2 ?y1 ?y2 ?x3 ?y3 from <http://dbpedia3.8> where { ?p <http://www.w3.org/1999/02/22-rdf-syntax-ns#type> <http://dbpedia.org/ontology/Settlement>.  ?p <http://www.w3.org/2003/01/geo/wgs84_pos#long> ?x1. ?p <http://www.w3.org/2003/01/geo/wgs84_pos#lat> ?y1. <http://dbpedia.org/resource/London> <http://dbpedia.org/property/longd> ?x2. <http://dbpedia.org/resource/London> <http://dbpedia.org/property/latd> ?y2. <http://dbpedia.org/resource/Paris> <http://www.w3.org/2003/01/geo/wgs84_pos#long> ?x3. <http://dbpedia.org/resource/Paris> <http://www.w3.org/2003/01/geo/wgs84_pos#lat> ?y3.{ <http://dbpedia.org/resource/London>  <http://purl.org/dc/terms/subject> ?c. ?p <http://purl.org/dc/terms/subject> ?c. } UNION { ?e ?d   <http://dbpedia.org/resource/London>  . ?e ?d ?p. }FILTER( ((?x3- ?x2)*(?x3- ?x2) +(?y3- ?y2)*(?y3- ?y2))>= ((?x3- ?x1)*(?x3- ?x1) + (?y3- ?y1)*(?y3- ?y1)) )}

-----------------
PREFIX rdfs: <http://www.w3.org/2000/01/rdf-schema#>
		SELECT ?c ?cR ?cP from <http://dbpedia3.8> where {
		<http://dbpedia.org/resource/London> ?cR ?c.
		?c rdf:type <http://dbpedia.org/ontology/Place>  .

        } LIMIT 10
-----------------
PREFIX rdfs: <http://www.w3.org/2000/01/rdf-schema#>
		SELECT ?c ?cR from <http://dbpedia3.8> where {
		<http://dbpedia.org/resource/London> ?cR ?c.
		?c rdf:type <http://dbpedia.org/ontology/Place>  .

        } LIMIT 10
-----------------
SELECT ?thumb from <http://dbpedia3.8> where {
			<http://dbpedia.org/resource/London> <http://dbpedia.org/ontology/wikiPageRedirects> ?thumb .} limit 1

-----------------
PREFIX owl: <http://www.w3.org/2002/07/owl#>
PREFIX xsd: <http://www.w3.org/2001/XMLSchema#>
PREFIX rdfs: <http://www.w3.org/2000/01/rdf-schema#>
PREFIX rdf: <http://www.w3.org/1999/02/22-rdf-syntax-ns#>
PREFIX foaf: <http://xmlns.com/foaf/0.1/>
PREFIX dc: <http://purl.org/dc/elements/1.1/>
PREFIX : <http://dbpedia.org/resource/>
PREFIX dbpedia2: <http://dbpedia.org/property/>
PREFIX dbpedia: <http://dbpedia.org/>
PREFIX skos: <http://www.w3.org/2004/02/skos/core#>

SELECT *
from <http://dbpedia3.8> where {
    ?s rdf:type ?place .
    ?place rdf:type? <http://dbpedia.org/ontology/Place> .
    ?s rdfs:label ?name .
    FILTER(?name = <http://dbpedia.org/resource/London>)

}
-----------------
CONSTRUCT { <http://dbpedia.org/resource/London> ?prop0 ?val0 . <http://dbpedia.org/resource/Cengage_Learning> ?prop1 ?val1 . <http://dbpedia.org/resource/Internet> ?prop2 ?val2 . <http://dbpedia.org/resource/March_2005> ?prop3 ?val3 . <http://dbpedia.org/resource/August_2011> ?prop4 ?val4 . <http://dbpedia.org/resource/Network_Technology> ?prop5 ?val5 . <http://dbpedia.org/resource/John_Wiley_&_Sons> ?prop6 ?val6 } from <http://dbpedia3.8> where { { <http://dbpedia.org/resource/London> ?prop0 ?val0 } UNION  { <http://dbpedia.org/resource/Cengage_Learning> ?prop1 ?val1 } UNION  { <http://dbpedia.org/resource/Internet> ?prop2 ?val2 } UNION  { <http://dbpedia.org/resource/March_2005> ?prop3 ?val3 } UNION  { <http://dbpedia.org/resource/August_2011> ?prop4 ?val4 } UNION  { <http://dbpedia.org/resource/Network_Technology> ?prop5 ?val5 } UNION  { <http://dbpedia.org/resource/John_Wiley_&_Sons> ?prop6 ?val6 } }
-----------------
SELECT ?property ?hasValue ?isValueOf
from <http://dbpedia3.8> where {
  { <http://dbpedia.org/resource/London> ?property ?hasValue }
  UNION
  { ?isValueOf ?property <http://dbpedia.org/resource/London> }
}
-----------------