PREFIX owl: <http://www.w3.org/2002/07/owl#>
PREFIX xsd: <http://www.w3.org/2001/XMLSchema#>
PREFIX rdfs: <http://www.w3.org/2000/01/rdf-schema#>
PREFIX rdf: <http://www.w3.org/1999/02/22-rdf-syntax-ns#>
PREFIX foaf: <http://xmlns.com/foaf/0.1/>
PREFIX dc: <http://purl.org/dc/elements/1.1/>
PREFIX : <http://dbpedia.org/resource/>
PREFIX dbpedia2: <http://dbpedia.org/property/>
PREFIX dbpedia: <http://dbpedia.org/>
PREFIX skos: <http://www.w3.org/2004/02/skos/core#>
SELECT ?title (MIN(?geolat) AS ?geolat) (MIN(?geolong) AS ?geolong)
    from <http://dbpedia3.8> where {
        ?place rdf:type <http://dbpedia.org/ontology/Place> .
        ?place dbpedia-owl:country <http://dbpedia.org/resource/France> .
        ?place foaf:name ?title .
        ?place geo:lat ?geolat .
        ?place geo:long ?geolong .
    }
    GROUP BY ?title

-----------------
PREFIX owl: <http://www.w3.org/2002/07/owl#>
PREFIX xsd: <http://www.w3.org/2001/XMLSchema#>
PREFIX rdfs: <http://www.w3.org/2000/01/rdf-schema#>
PREFIX rdf: <http://www.w3.org/1999/02/22-rdf-syntax-ns#>
PREFIX foaf: <http://xmlns.com/foaf/0.1/>
PREFIX dc: <http://purl.org/dc/elements/1.1/>
PREFIX : <http://dbpedia.org/resource/>
PREFIX dbpedia2: <http://dbpedia.org/property/>
PREFIX dbpedia: <http://dbpedia.org/>
PREFIX skos: <http://www.w3.org/2004/02/skos/core#>
SELECT ?title (MIN(?geolat) AS ?geolat) (MIN(?geolong) AS ?geolong)
    from <http://dbpedia3.8> where {
        ?place rdf:type <http://dbpedia.org/ontology/Place> .
        ?place dbpedia-owl:country <http://dbpedia.org/resource/France> .
        ?place foaf:name ?title .
        ?place geo:lat ?geolat .
        ?place geo:long ?geolong .
    }
    GROUP BY ?title

-----------------
PREFIX owl: <http://www.w3.org/2002/07/owl#>
PREFIX xsd: <http://www.w3.org/2001/XMLSchema#>
PREFIX rdfs: <http://www.w3.org/2000/01/rdf-schema#>
PREFIX rdf: <http://www.w3.org/1999/02/22-rdf-syntax-ns#>
PREFIX foaf: <http://xmlns.com/foaf/0.1/>
PREFIX dc: <http://purl.org/dc/elements/1.1/>
PREFIX : <http://dbpedia.org/resource/>
PREFIX dbpedia2: <http://dbpedia.org/property/>
PREFIX dbpedia: <http://dbpedia.org/>
PREFIX skos: <http://www.w3.org/2004/02/skos/core#>
SELECT ?title (MIN(?geolat) AS ?geolat) (MIN(?geolong) AS ?geolong)
    from <http://dbpedia3.8> where {
        ?place rdf:type <http://dbpedia.org/ontology/Place> .
        ?place dbpedia-owl:country <http://dbpedia.org/resource/France> .
        ?place foaf:name ?title .
        ?place geo:lat ?geolat .
        ?place geo:long ?geolong .
    }
    GROUP BY ?title

-----------------
-----------------
PREFIX owl: <http://www.w3.org/2002/07/owl#>
PREFIX xsd: <http://www.w3.org/2001/XMLSchema#>
PREFIX rdfs: <http://www.w3.org/2000/01/rdf-schema#>
PREFIX rdf: <http://www.w3.org/1999/02/22-rdf-syntax-ns#>
PREFIX foaf: <http://xmlns.com/foaf/0.1/>
PREFIX dc: <http://purl.org/dc/elements/1.1/>
PREFIX : <http://dbpedia.org/resource/>
PREFIX dbpedia2: <http://dbpedia.org/property/>
PREFIX dbpedia: <http://dbpedia.org/>
PREFIX skos: <http://www.w3.org/2004/02/skos/core#>
SELECT ?title (MIN(?geolat) AS ?geolat) (MIN(?geolong) AS ?geolong)
    from <http://dbpedia3.8> where {
        ?place rdf:type <http://dbpedia.org/ontology/Place> .
        ?place dbpedia-owl:country <http://dbpedia.org/resource/Malta> .
        ?place foaf:name ?title .
        ?place geo:lat ?geolat .
        ?place geo:long ?geolong .
    }
    GROUP BY ?title

-----------------
PREFIX owl: <http://www.w3.org/2002/07/owl#>
PREFIX xsd: <http://www.w3.org/2001/XMLSchema#>
PREFIX rdfs: <http://www.w3.org/2000/01/rdf-schema#>
PREFIX rdf: <http://www.w3.org/1999/02/22-rdf-syntax-ns#>
PREFIX foaf: <http://xmlns.com/foaf/0.1/>
PREFIX dc: <http://purl.org/dc/elements/1.1/>
PREFIX : <http://dbpedia.org/resource/>
PREFIX dbpedia2: <http://dbpedia.org/property/>
PREFIX dbpedia: <http://dbpedia.org/>
PREFIX skos: <http://www.w3.org/2004/02/skos/core#>
SELECT ?title (MIN(?geolat) AS ?geolat) (MIN(?geolong) AS ?geolong)
    from <http://dbpedia3.8> where {
        ?place rdf:type <http://dbpedia.org/ontology/Place> .
        ?place dbpedia-owl:country <http://dbpedia.org/resource/Germany> .
        ?place foaf:name ?title .
        ?place geo:lat ?geolat .
        ?place geo:long ?geolong .
    }
    GROUP BY ?title

-----------------
PREFIX rdfs: <http://www.w3.org/2000/01/rdf-schema#>
		SELECT ?c ?cR from <http://dbpedia3.8> where {
		<http://dbpedia.org/resource/M%C3%BCnchen> ?cR ?c.
		?c rdf:type <http://dbpedia.org/ontology/Place>  .
        } 
-----------------
PREFIX rdfs: <http://www.w3.org/2000/01/rdf-schema#>
		SELECT ?c ?cR from <http://dbpedia3.8> where {
		<http://dbpedia.org/resource/London> ?cR ?c.
		?c rdf:type <http://dbpedia.org/ontology/Place>  .
        } 
-----------------
PREFIX rdfs: <http://www.w3.org/2000/01/rdf-schema#>
		SELECT ?c ?cR ?cP from <http://dbpedia3.8> where {
		<http://dbpedia.org/resource/M%C3%BCnchen> ?cR ?c.
		?c rdf:type <http://dbpedia.org/ontology/Place>  .

        } 
-----------------
	PREFIX rdfs: <http://www.w3.org/2000/01/rdf-schema#>
		SELECT ?c ?cR ?cP from <http://dbpedia3.8> where {
		<http://dbpedia.org/resource/London> ?cR ?c.
		?c rdf:type <http://dbpedia.org/ontology/Place>  .

        } LIMIT 10
-----------------
PREFIX rdfs: <http://www.w3.org/2000/01/rdf-schema#>
		SELECT ?c ?cR from <http://dbpedia3.8> where {
		<http://dbpedia.org/resource/London> ?cR ?c.
		?c rdf:type <http://dbpedia.org/ontology/Place>  .

        } LIMIT 10
-----------------
PREFIX owl: <http://www.w3.org/2002/07/owl#>
PREFIX xsd: <http://www.w3.org/2001/XMLSchema#>
PREFIX rdfs: <http://www.w3.org/2000/01/rdf-schema#>
PREFIX rdf: <http://www.w3.org/1999/02/22-rdf-syntax-ns#>
PREFIX foaf: <http://xmlns.com/foaf/0.1/>
PREFIX dc: <http://purl.org/dc/elements/1.1/>
PREFIX : <http://dbpedia.org/resource/>
PREFIX dbpedia2: <http://dbpedia.org/property/>
PREFIX dbpedia: <http://dbpedia.org/>
PREFIX skos: <http://www.w3.org/2004/02/skos/core#>
SELECT DISTINCT ?lle ?gwlad1 ?gwlad lang(?gwlad1)  from <http://dbpedia3.8> where {
?lle rdf:type <http://dbpedia.org/ontology/Place>;
rdfs:label ?gwlad1;
dbpedia-owl:country ?gwlad.
(GRAPH <http://data.ordnancesurvey.co.uk/datasets/50k-gazetteer>
 ?lle  <http://data.ordnancesurvey.co.uk/datasets/50k-gazetteer/NamedPlace>) ?uri.
FILTER ((regex(?gwlad,"Wales"))&& langMatches(lang(?gwlad1),'en')).
} 
-----------------
PREFIX dbpedia: <http://dbpedia.org/ontology/>
PREFIX pl: <http://dbpedia.org/ontology/Place>

SELECT ?place,a
from <http://dbpedia3.8> where {
  ?place a dbpedia:Place.
  pl:address ?a.

}
LIMIT 100
-----------------
PREFIX dbpedia: <http://dbpedia.org/ontology/>
PREFIX pl: <http://dbpedia.org/ontology/Place>

SELECT ?place,a
from <http://dbpedia3.8> where {
  ?place a dbpedia:Place.
  ?place pl:address ?a.

}
LIMIT 100
-----------------
PREFIX dbpedia: <http://dbpedia.org/ontology/>
PREFIX pl: <http://dbpedia.org/ontology/Place>

SELECT ?place,a
from <http://dbpedia3.8> where {
  ?place a dbpedia:Place.
  ?place pl:address ?a.

}
LIMIT 100
-----------------
PREFIX dbpedia: <http://dbpedia.org/ontology/>
PREFIX pl: <http://dbpedia.org/ontology/Place>

SELECT ?place,?a
from <http://dbpedia3.8> where {
  ?place a dbpedia:Place.
  ?place dbpedia:address ?a.

}
LIMIT 100
-----------------
PREFIX geo: <http://www.w3.org/2003/01/geo/wgs84_pos#>
PREFIX rdfs: <http://www.w3.org/2000/01/rdf-schema#>
PREFIX rdf: <http://www.w3.org/1999/02/22-rdf-syntax-ns#>
PREFIX dbpedia-owl: <http://dbpedia.org/ontology/>
PREFIX foaf: <http://xmlns.com/foaf/0.1/>

SELECT ?place, ?country, ?title, ?geolat, ?geolong
    from <http://dbpedia3.8> where {
        ?place rdf:type <http://dbpedia.org/ontology/Place> .
        ?place dbpedia-owl:country <http://dbpedia.org/resource/France> .
        ?place dbpedia-owl:country ?country .
        ?place foaf:name ?title .
        ?place geo:lat ?geolat .
        ?place geo:long ?geolong .
}
-----------------
PREFIX geo: <http://www.w3.org/2003/01/geo/wgs84_pos#>
PREFIX rdfs: <http://www.w3.org/2000/01/rdf-schema#>
PREFIX rdf: <http://www.w3.org/1999/02/22-rdf-syntax-ns#>
PREFIX dbpedia-owl: <http://dbpedia.org/ontology/>
PREFIX foaf: <http://xmlns.com/foaf/0.1/>

SELECT ?place, ?country, ?title, ?geolat, ?geolong
    from <http://dbpedia3.8> where {
        ?place rdf:type <http://dbpedia.org/ontology/Place> .
        ?place dbpedia-owl:country <http://dbpedia.org/resource/France> .
        ?place dbpedia-owl:country ?country .
        ?place foaf:name ?title .
        ?place geo:lat ?geolat .
        ?place geo:long ?geolong .
}
-----------------
PREFIX geo: <http://www.w3.org/2003/01/geo/wgs84_pos#>
PREFIX rdfs: <http://www.w3.org/2000/01/rdf-schema#>
PREFIX rdf: <http://www.w3.org/1999/02/22-rdf-syntax-ns#>
PREFIX dbpedia-owl: <http://dbpedia.org/ontology/>
PREFIX foaf: <http://xmlns.com/foaf/0.1/>

SELECT ?place, ?country, ?title, ?geolat, ?geolong
    from <http://dbpedia3.8> where {
        ?place rdf:type <http://dbpedia.org/ontology/Place> .
        ?place dbpedia-owl:country <http://dbpedia.org/resource/France> .
        ?place dbpedia-owl:country ?country .
        ?place foaf:name ?title .
        ?place geo:lat ?geolat .
        ?place geo:long ?geolong .
}
-----------------
PREFIX geo: <http://www.w3.org/2003/01/geo/wgs84_pos#>
PREFIX rdfs: <http://www.w3.org/2000/01/rdf-schema#>
PREFIX rdf: <http://www.w3.org/1999/02/22-rdf-syntax-ns#>
PREFIX dbpedia-owl: <http://dbpedia.org/ontology/>
PREFIX foaf: <http://xmlns.com/foaf/0.1/>

SELECT ?place, ?country, ?title, ?geolat, ?geolong
    from <http://dbpedia3.8> where {
        ?place rdf:type <http://dbpedia.org/ontology/Place> .
        ?place dbpedia-owl:country <http://dbpedia.org/resource/France> .
        ?place dbpedia-owl:country ?country .
        ?place foaf:name ?title .
        ?place geo:lat ?geolat .
        ?place geo:long ?geolong .
}limit 10
-----------------
PREFIX geo: <http://www.w3.org/2003/01/geo/wgs84_pos#>
PREFIX rdfs: <http://www.w3.org/2000/01/rdf-schema#>
PREFIX rdf: <http://www.w3.org/1999/02/22-rdf-syntax-ns#>
PREFIX dbpedia-owl: <http://dbpedia.org/ontology/>
PREFIX foaf: <http://xmlns.com/foaf/0.1/>

SELECT ?place, ?country, ?title, ?geolat, ?geolong
    from <http://dbpedia3.8> where {
        ?place rdf:type <http://dbpedia.org/ontology/Place> .
        ?place dbpedia-owl:country <http://dbpedia.org/resource/France> .
        ?place dbpedia-owl:country ?country .
        ?place foaf:name ?title .
        ?place geo:lat ?geolat .
        ?place geo:long ?geolong .
}
-----------------
PREFIX geo: <http://www.w3.org/2003/01/geo/wgs84_pos#>
PREFIX rdfs: <http://www.w3.org/2000/01/rdf-schema#>
PREFIX rdf: <http://www.w3.org/1999/02/22-rdf-syntax-ns#>
PREFIX dbpedia-owl: <http://dbpedia.org/ontology/>
PREFIX foaf: <http://xmlns.com/foaf/0.1/>

SELECT ?place, ?country, ?title, ?geolat, ?geolong
    from <http://dbpedia3.8> where {
        ?place rdf:type <http://dbpedia.org/ontology/Place> .
        ?place dbpedia-owl:country <http://dbpedia.org/resource/France> .
        ?place dbpedia-owl:country ?country .
        ?place foaf:name ?title .
        ?place geo:lat ?geolat .
        ?place geo:long ?geolong .
}
-----------------
PREFIX geo: <http://www.w3.org/2003/01/geo/wgs84_pos#>
PREFIX rdfs: <http://www.w3.org/2000/01/rdf-schema#>
PREFIX rdf: <http://www.w3.org/1999/02/22-rdf-syntax-ns#>
PREFIX dbpedia-owl: <http://dbpedia.org/ontology/>
PREFIX foaf: <http://xmlns.com/foaf/0.1/>

SELECT ?place, ?country, ?title, ?geolat, ?geolong
    from <http://dbpedia3.8> where {
        ?place rdf:type <http://dbpedia.org/ontology/Place> .
        ?place dbpedia-owl:country <http://dbpedia.org/resource/France> .
        ?place dbpedia-owl:country ?country .
        ?place foaf:name ?title .
        ?place geo:lat ?geolat .
        ?place geo:long ?geolong .
}
-----------------
PREFIX geo: <http://www.w3.org/2003/01/geo/wgs84_pos#>
PREFIX rdfs: <http://www.w3.org/2000/01/rdf-schema#>
PREFIX rdf: <http://www.w3.org/1999/02/22-rdf-syntax-ns#>
PREFIX dbpedia-owl: <http://dbpedia.org/ontology/>
PREFIX foaf: <http://xmlns.com/foaf/0.1/>

SELECT ?place, ?country, ?title, ?geolat, ?geolong
    from <http://dbpedia3.8> where {
        ?place rdf:type <http://dbpedia.org/ontology/Place> .
        ?place dbpedia-owl:country <http://dbpedia.org/resource/France> .
        ?place dbpedia-owl:country ?country .
        ?place foaf:name ?title .
        ?place geo:lat ?geolat .
        ?place geo:long ?geolong .
}limit 10
-----------------
PREFIX owl: <http://www.w3.org/2002/07/owl#>
PREFIX xsd: <http://www.w3.org/2001/XMLSchema#>
PREFIX rdfs: <http://www.w3.org/2000/01/rdf-schema#>
PREFIX rdf: <http://www.w3.org/1999/02/22-rdf-syntax-ns#>
PREFIX foaf: <http://xmlns.com/foaf/0.1/>
PREFIX dc: <http://purl.org/dc/elements/1.1/>
PREFIX : <http://dbpedia.org/resource/>
PREFIX dbpedia2: <http://dbpedia.org/property/>
PREFIX dbpedia: <http://dbpedia.org/>
PREFIX skos: <http://www.w3.org/2004/02/skos/core#>
SELECT DISTINCT ?lle ?gwlad1 ?gwlad lang(?gwlad1)  from <http://dbpedia3.8> where {
?lle rdf:type <http://dbpedia.org/ontology/Place>;
rdfs:label ?gwlad1;
dbpedia-owl:country ?gwlad.
(GRAPH <http://data.ordnancesurvey.co.uk/datasets/50k-gazetteer>
 ?lle  <http://data.ordnancesurvey.co.uk/datasets/50k-gazetteer/NamedPlace>) ?uri.
FILTER ((regex(?gwlad,"Wales"))&& langMatches(lang(?gwlad1),'en')).
} 
-----------------
select * from <http://dbpedia3.8> where { ?place a <http://dbpedia.org/ontology/Place> . }
-----------------
PREFIX owl: <http://www.w3.org/2002/07/owl#>
PREFIX xsd: <http://www.w3.org/2001/XMLSchema#>
PREFIX rdfs: <http://www.w3.org/2000/01/rdf-schema#>
PREFIX rdf: <http://www.w3.org/1999/02/22-rdf-syntax-ns#>
PREFIX foaf: <http://xmlns.com/foaf/0.1/>
PREFIX dc: <http://purl.org/dc/elements/1.1/>
PREFIX : <http://dbpedia.org/resource/>
PREFIX dbpedia2: <http://dbpedia.org/property/>
PREFIX dbpedia: <http://dbpedia.org/>
PREFIX skos: <http://www.w3.org/2004/02/skos/core#>
SELECT ?title (MIN(?geolat) AS ?geolat) (MIN(?geolong) AS ?geolong)
    from <http://dbpedia3.8> where {
        ?place rdf:type <http://dbpedia.org/ontology/Place> .
        ?place dbpedia-owl:country <http://dbpedia.org/resource/Czech_Republic> .
        ?place foaf:name ?title .
        ?place geo:lat ?geolat .
        ?place geo:long ?geolong .
    }
    GROUP BY ?title

-----------------
PREFIX owl: <http://www.w3.org/2002/07/owl#>
PREFIX xsd: <http://www.w3.org/2001/XMLSchema#>
PREFIX rdfs: <http://www.w3.org/2000/01/rdf-schema#>
PREFIX rdf: <http://www.w3.org/1999/02/22-rdf-syntax-ns#>
PREFIX foaf: <http://xmlns.com/foaf/0.1/>
PREFIX dc: <http://purl.org/dc/elements/1.1/>
PREFIX : <http://dbpedia.org/resource/>
PREFIX dbpedia2: <http://dbpedia.org/property/>
PREFIX dbpedia: <http://dbpedia.org/>
PREFIX skos: <http://www.w3.org/2004/02/skos/core#>
SELECT DISTINCT ?lle ?gwlad1 ?gwlad lang(?gwlad1)  from <http://dbpedia3.8> where {
?lle rdf:type <http://dbpedia.org/ontology/Place>;
rdfs:label ?gwlad1;
dbpedia-owl:country ?gwlad.
(GRAPH <http://data.ordnancesurvey.co.uk/datasets/50k-gazetteer>
 ?lle  <http://data.ordnancesurvey.co.uk/datasets/50k-gazetteer/NamedPlace>) ?uri.
FILTER ((regex(?gwlad,"Wales"))&& langMatches(lang(?gwlad1),'en')).
} 
-----------------
select distinct ?property from <http://dbpedia3.8> where { 
   ?property <http://www.w3.org/2000/01/rdf-schema#domain> 
                             <http://dbpedia.org/ontology/Place> . }
-----------------
PREFIX owl: <http://www.w3.org/2002/07/owl#>
PREFIX xsd: <http://www.w3.org/2001/XMLSchema#>
PREFIX rdfs: <http://www.w3.org/2000/01/rdf-schema#>
PREFIX rdf: <http://www.w3.org/1999/02/22-rdf-syntax-ns#>
PREFIX foaf: <http://xmlns.com/foaf/0.1/>
PREFIX dc: <http://purl.org/dc/elements/1.1/>
PREFIX : <http://dbpedia.org/resource/>
PREFIX dbpedia2: <http://dbpedia.org/property/>
PREFIX dbpedia: <http://dbpedia.org/>
PREFIX skos: <http://www.w3.org/2004/02/skos/core#>
SELECT DISTINCT ?lle ?gwlad1 ?gwlad lang(?gwlad1)  from <http://dbpedia3.8> where {
?lle rdf:type <http://dbpedia.org/ontology/Place>;
rdfs:label ?gwlad1;
dbpedia-owl:country ?gwlad.
(GRAPH <http://data.ordnancesurvey.co.uk/datasets/50k-gazetteer>
 ?lle  <http://data.ordnancesurvey.co.uk/datasets/50k-gazetteer/NamedPlace>) ?uri.
FILTER ((regex(?gwlad,"Wales"))&& langMatches(lang(?gwlad1),'en')).
} 
-----------------