select *
from <http://dbpedia3.8> where
{ ?company a <http://dbpedia.org/ontology/Organisation> .
?company <http://dbpedia.org/ontology/foundationPlace> <http://dbpedia.org/resource/California> .
?product <http://dbpedia.org/ontology/developer> ?company  .
?product  a <http://dbpedia.org/ontology/Software> .
}

-----------------
@PREFIX skos: <http://www.w3.org/2004/02/skos/core#>
@PREFIX dbpedia2: <http://dbpedia.org/property/>

SELECT ?artista ?titulo_album from <http://dbpedia3.8> where {
?album dbpedia2:artist ?artist
. ?album rdfs:label ?titulo_album
. ?artist rdfs:label ?artista
. ?artist dbpedia2:origin ?origin
. FILTER (?origin = <http://dbpedia.org/resource/California> )
. FILTER (lang(?artista)="en")
}

-----------------
PREFIX skos: <http://www.w3.org/2004/02/skos/core#>
PREFIX dbpedia2: <http://dbpedia.org/property/>

SELECT ?artista ?titulo_album from <http://dbpedia3.8> where {
?album dbpedia2:artist ?artist
. ?album rdfs:label ?titulo_album
. ?artist rdfs:label ?artista
. ?artist dbpedia2:origin ?origin
. FILTER (?origin = <http://dbpedia.org/resource/California> )
. FILTER (lang(?artist)="en")
}

-----------------
PREFIX skos: <http://www.w3.org/2004/02/skos/core#>
PREFIX dbpedia2: <http://dbpedia.org/property/>

SELECT ?artista ?titulo_album from <http://dbpedia3.8> where {
?album dbpedia2:artist ?artist
. ?album rdfs:label ?titulo_album
. ?artist rdfs:label ?artista
. ?artist dbpedia2:origin ?origin
. FILTER (?origin = <http://dbpedia.org/resource/California> )
. FILTER (lang(?artista)="en")
}
limit 1000
-----------------
select *
from <http://dbpedia3.8> where
{ ?company a <http://dbpedia.org/ontology/Organisation> .
?company <http://dbpedia.org/ontology/foundationPlace> <http://dbpedia.org/resource/California> .
?product <http://dbpedia.org/ontology/developer> ?company  .
?product  a <http://dbpedia.org/ontology/Software> .
}

-----------------
select *
from <http://dbpedia3.8> where
{ ?company a <http://dbpedia.org/ontology/Organisation> .
?company <http://dbpedia.org/ontology/foundationPlace> <http://dbpedia.org/resource/California> .
?product <http://dbpedia.org/ontology/developer> ?company  .
?product  a <http://dbpedia.org/ontology/Software> .
}

-----------------
select *
from <http://dbpedia3.8> where
{ ?company a <http://dbpedia.org/ontology/Organisation> .
?company <http://dbpedia.org/ontology/foundationPlace> <http://dbpedia.org/resource/California> .
?product <http://dbpedia.org/ontology/developer> ?company  .
?product  a <http://dbpedia.org/ontology/Software> .
}

-----------------
select *
from <http://dbpedia3.8> where
{ ?company a <http://dbpedia.org/ontology/Organisation> .
?company <http://dbpedia.org/ontology/foundationPlace> <http://dbpedia.org/resource/California> .
?product <http://dbpedia.org/ontology/developer> ?company  .
?product  a <http://dbpedia.org/ontology/Software> .
}

-----------------
select ?p ?o
from <http://dbpedia3.8> where {
   <http://dbpedia.org/resource/California> ?p ?o .

FILTER(
   !regex(str(?p), 'http://dbpedia.org/ontology/abstract')
&& !regex(str(?p), 'http://www.w3.org/2000/01/rdf-schema#comment')
&& !regex(str(?p), 'http://www.w3.org/2000/01/rdf-schema#label')
).
}
-----------------
select ?p ?o
from <http://dbpedia3.8> where {
   <http://dbpedia.org/resource/California> ?p ?o .

FILTER(
   !regex(str(?p), 'http://dbpedia.org/ontology/abstract')
&& !regex(str(?p), 'http://www.w3.org/2000/01/rdf-schema#comment')
&& !regex(str(?p), 'http://www.w3.org/2000/01/rdf-schema#label')
).
}
-----------------
select ?p ?o
from <http://dbpedia3.8> where {
   <http://dbpedia.org/resource/California> ?p ?o .

OPTIONAL { ?x dc:date ?date } .
FILTER (!bound(?date)) 

FILTER(
   !regex(str(?p), 'http://dbpedia.org/ontology/abstract')
&& !regex(str(?p), 'http://www.w3.org/2000/01/rdf-schema#comment')
&& !regex(str(?p), 'http://www.w3.org/2000/01/rdf-schema#label')
).
}
-----------------
select ?p ?o
from <http://dbpedia3.8> where {
   <http://dbpedia.org/resource/California> ?p ?o .

OPTIONAL { ?p <http://www.w3.org/1999/02/22-rdf-syntax-ns#type> ?p} .
FILTER (!bound(?p)) 

FILTER(
   !regex(str(?p), 'http://dbpedia.org/ontology/abstract')
&& !regex(str(?p), 'http://www.w3.org/2000/01/rdf-schema#comment')
&& !regex(str(?p), 'http://www.w3.org/2000/01/rdf-schema#label')
).
}
-----------------
select ?p ?o
from <http://dbpedia3.8> where {
   <http://dbpedia.org/resource/California> ?p ?o .

#OPTIONAL { ?p <http://www.w3.org/1999/02/22-rdf-syntax-ns#type> ?p } .
#FILTER (!bound(?p)) 

FILTER(
   !regex(str(?p), 'http://dbpedia.org/ontology/abstract')
&& !regex(str(?p), 'http://www.w3.org/2000/01/rdf-schema#comment')
&& !regex(str(?p), 'http://www.w3.org/2000/01/rdf-schema#label')
).
}
-----------------
select ?p ?o
from <http://dbpedia3.8> where {
   <http://dbpedia.org/resource/California> ?p ?o .

OPTIONAL { ?p <http://www.w3.org/1999/02/22-rdf-syntax-ns#type> <http://www.w3.org/2002/07/owl#ObjectProperty> } .
OPTIONAL { ?p <http://www.w3.org/1999/02/22-rdf-syntax-ns#type> <http://www.w3.org/2002/07/owl#ObjectProperty> } .

FILTER(
   !regex(str(?p), 'http://dbpedia.org/ontology/abstract')
&& !regex(str(?p), 'http://www.w3.org/2000/01/rdf-schema#comment')
&& !regex(str(?p), 'http://www.w3.org/2000/01/rdf-schema#label')
).
}
-----------------
select ?p ?o
from <http://dbpedia3.8> where {
   <http://dbpedia.org/resource/California> ?p ?o .

FILTER(
    !isLiteral(?o)
#   !regex(str(?p), 'http://dbpedia.org/ontology/abstract')
#&& !regex(str(?p), 'http://www.w3.org/2000/01/rdf-schema#comment')
#&& !regex(str(?p), 'http://www.w3.org/2000/01/rdf-schema#label')
).
}
-----------------
SELECT ?p ?o
from <http://dbpedia3.8> where {
   <http://dbpedia.org/resource/California> ?p ?o .
   FILTER(!isLiteral(?o)) .
}
-----------------
SELECT ?p ?o
from <http://dbpedia3.8> where {
   <http://dbpedia.org/resource/California> ?p ?o .
   FILTER(!isLiteral(?o)) .
}
-----------------
select *
from <http://dbpedia3.8> where
{ ?company a <http://dbpedia.org/ontology/Organisation> .
?company <http://dbpedia.org/ontology/foundationPlace> <http://dbpedia.org/resource/California> .
?product <http://dbpedia.org/ontology/developer> ?company  .
?product  a <http://dbpedia.org/ontology/Software> .
}

-----------------
select *
from <http://dbpedia3.8> where
{ ?company a <http://dbpedia.org/ontology/Organisation> .
?company <http://dbpedia.org/ontology/foundationPlace> <http://dbpedia.org/resource/California> .
?product <http://dbpedia.org/ontology/developer> ?company  .
?product  a <http://dbpedia.org/ontology/Software> .
}

-----------------
SELECT *
  from <http://dbpedia3.8> where
    { 
      ?company  a                                              <http://dbpedia.org/ontology/Organisation>  .
      ?company  <http://dbpedia.org/ontology/foundationPlace>  <http://dbpedia.org/resource/California>    .
      ?product  <http://dbpedia.org/ontology/developer>        ?company                                    .
      ?product  a                                              <http://dbpedia.org/ontology/Software>
    }
-----------------
SELECT *
from <http://dbpedia3.8> where {  
  ?company a <http://dbpedia.org/ontology/Organisation> .
  ?company <http://dbpedia.org/ontology/foundationPlace> <http://dbpedia.org/resource/California> .
  ?product <http://dbpedia.org/ontology/developer> ?company  .
  ?product  a <http://dbpedia.org/ontology/Software> .
}

-----------------
SELECT ?abstract
from <http://dbpedia3.8> where {
<http://dbpedia.org/resource/California_Polytechnic_State_University> <http://dbpedia.org/ontology/abstract> ?abstract .
FILTER ( langMatches(lang(?abstract), "en"))
}
-----------------
SELECT DISTINCT lang(?abstract) as ?lang
from <http://dbpedia3.8> where {
<http://dbpedia.org/resource/California_Polytechnic_State_University> <http://dbpedia.org/ontology/abstract> ?abstract .
}
-----------------
SELECT ?abstract
from <http://dbpedia3.8> where {
<http://dbpedia.org/resource/California_Polytechnic_State_University> <http://dbpedia.org/ontology/abstract> ?abstract .
FILTER ( langMatches(lang(?abstract), "en"))
}
-----------------
SELECT DISTINCT lang(?abstract) as ?lang
from <http://dbpedia3.8> where {
<http://dbpedia.org/resource/California_Polytechnic_State_University> <http://dbpedia.org/ontology/abstract> ?abstract .
}
-----------------
PREFIX position:<http://www.w3.org/2003/01/geo/wgs84_pos#> SELECT DISTINCT ?lat ?lng from <http://dbpedia3.8> where{ <http://dbpedia.org/resource/California> <http://www.w3.org/2003/01/geo/wgs84_pos#lat> ?lat; <http://www.w3.org/2003/01/geo/wgs84_pos#long> ?lng.}
-----------------
PREFIX position:<http://www.w3.org/2003/01/geo/wgs84_pos#> SELECT DISTINCT ?lat ?lng from <http://dbpedia3.8> where{ <http://dbpedia.org/resource/California> <http://www.w3.org/2003/01/geo/wgs84_pos#lat> ?lat; <http://www.w3.org/2003/01/geo/wgs84_pos#long> ?lng.}
-----------------
select *
from <http://dbpedia3.8> where
{ ?company a <http://dbpedia.org/ontology/Organisation> .
?company <http://dbpedia.org/ontology/foundationPlace> <http://dbpedia.org/resource/California> .
?product <http://dbpedia.org/ontology/developer> ?company  .
?product  a <http://dbpedia.org/ontology/Software> .
}

-----------------
select *
from <http://dbpedia3.8> where
{ ?company a <http://dbpedia.org/ontology/Organisation> .
?company <http://dbpedia.org/ontology/foundationPlace> <http://dbpedia.org/resource/California> .
?product <http://dbpedia.org/ontology/developer> ?company  .
?product  a <http://dbpedia.org/ontology/Software> .
}

-----------------
select ?date
from <http://dbpedia3.8> where
{
<http://dbpedia.org/resource/California_Suite_(film)> <http://dbpedia.org/ontology/releaseDate> ?date.
}
-----------------
select ?con
from <http://dbpedia3.8> where
{
<http://dbpedia.org/resource/California_Suite_(film)> <http://dbpedia.org/property/country> ?con.
}
-----------------
select ?lan
from <http://dbpedia3.8> where
{
<http://dbpedia.org/resource/California_Suite_(film)> <http://dbpedia.org/property/language> ?lan.
}
-----------------
select ?director
from <http://dbpedia3.8> where
{
<http://dbpedia.org/resource/California_Suite_(film)> <http://dbpedia.org/ontology/director> ?director.
}
-----------------
select ?writer
from <http://dbpedia3.8> where
{
<http://dbpedia.org/resource/California_Suite_(film)> <http://dbpedia.org/ontology/writer> ?writer.
}
-----------------
select ?date
from <http://dbpedia3.8> where
{
<http://dbpedia.org/resource/California_Suite_(film)> <http://dbpedia.org/ontology/releaseDate> ?date.
}
-----------------
select ?con
from <http://dbpedia3.8> where
{
<http://dbpedia.org/resource/California_Suite_(film)> <http://dbpedia.org/property/country> ?con.
}
-----------------
select ?lan
from <http://dbpedia3.8> where
{
<http://dbpedia.org/resource/California_Suite_(film)> <http://dbpedia.org/property/language> ?lan.
}
-----------------
select ?director
from <http://dbpedia3.8> where
{
<http://dbpedia.org/resource/California_Suite_(film)> <http://dbpedia.org/ontology/director> ?director.
}
-----------------
select ?writer
from <http://dbpedia3.8> where
{
<http://dbpedia.org/resource/California_Suite_(film)> <http://dbpedia.org/ontology/writer> ?writer.
}
-----------------
select ?date
from <http://dbpedia3.8> where
{
<http://dbpedia.org/resource/California_Split> <http://dbpedia.org/ontology/releaseDate> ?date.
}
-----------------
select ?con
from <http://dbpedia3.8> where
{
<http://dbpedia.org/resource/California_Split> <http://dbpedia.org/property/country> ?con.
}
-----------------
select ?actor
from <http://dbpedia3.8> where
{
<http://dbpedia.org/resource/California_Split> <http://dbpedia.org/ontology/starring> ?actor.
}
-----------------
select ?lan
from <http://dbpedia3.8> where
{
<http://dbpedia.org/resource/California_Split> <http://dbpedia.org/property/language> ?lan.
}
-----------------
select ?director
from <http://dbpedia3.8> where
{
<http://dbpedia.org/resource/California_Split> <http://dbpedia.org/ontology/director> ?director.
}
-----------------
select ?writer
from <http://dbpedia3.8> where
{
<http://dbpedia.org/resource/California_Split> <http://dbpedia.org/ontology/writer> ?writer.
}
-----------------
SELECT *
  from <http://dbpedia3.8> where
    { 
      ?company  a                                              <http://dbpedia.org/ontology/Organisation>  .
      ?company  <http://dbpedia.org/ontology/foundationPlace>  <http://dbpedia.org/resource/California>    .
      ?product  <http://dbpedia.org/ontology/developer>        ?company                                    .
      ?product  a                                              <http://dbpedia.org/ontology/Software>
    }
-----------------
SELECT *
  from <http://dbpedia3.8> where
    { 
      ?musicArtist  a                                              <http://dbpedia.org/ontology/Band> .
      ?musicArtist <http://dbpedia.org/ontology/genre>  <http://dbpedia.org/page/Hard_rock> 
    }




SELECT *
  from <http://dbpedia3.8> where
    { 
      ?company  a                                              <http://dbpedia.org/ontology/Organisation>  .
      ?company  <http://dbpedia.org/ontology/foundationPlace>  <http://dbpedia.org/resource/California>    .
      ?product  <http://dbpedia.org/ontology/developer>        ?company                                    .
      ?product  a                                              <http://dbpedia.org/ontology/Software>
    }
-----------------
select *
from <http://dbpedia3.8> where
{ ?company a <http://dbpedia.org/ontology/Organisation> .
?company <http://dbpedia.org/ontology/foundationPlace> <http://dbpedia.org/resource/California> .
?product <http://dbpedia.org/ontology/developer> ?company  .
?product  a <http://dbpedia.org/ontology/Software> .
}

-----------------
select *
from <http://dbpedia3.8> where
{ ?company a <http://dbpedia.org/ontology/Organisation> .
?company <http://dbpedia.org/ontology/foundationPlace> <http://dbpedia.org/resource/California> .
?product <http://dbpedia.org/ontology/developer> ?company  .
?product  a <http://dbpedia.org/ontology/Software> .
}

-----------------
select *
from <http://dbpedia3.8> where
{ ?company a <http://dbpedia.org/ontology/Organisation> .
?company <http://dbpedia.org/ontology/foundationPlace> <http://dbpedia.org/resource/California> .
?product <http://dbpedia.org/ontology/developer> ?company  .
?product  a <http://dbpedia.org/ontology/Software> .
}

-----------------