select *
from <http://dbpedia3.8> where
{ ?company a <http://dbpedia.org/ontology/Organisation> .
?company <http://dbpedia.org/ontology/foundationPlace> <http://dbpedia.org/resource/California> .
?product <http://dbpedia.org/ontology/developer> ?company  .
?product  a <http://dbpedia.org/ontology/Software> .
}

-----------------
SELECT distinct ?s
  from <http://dbpedia3.8> where
    {
      ?s rdf:type <http://dbpedia.org/ontology/Organisation>     
    }
LIMIT 2000
-----------------
select distinct ?s from <http://dbpedia3.8> where {?s a <http://dbpedia.org/ontology/Organisation>} LIMIT 100
-----------------
select distinct ?s from <http://dbpedia3.8> where {?s a <http://dbpedia.org/ontology/Organisation>}
-----------------
select distinct ?s ?g from <http://dbpedia3.8> where {?s a <http://dbpedia.org/ontology/Organisation> ; <http://dbpedia.org/ontology/genre> ?g}
-----------------
select distinct COUNT(?s) AS ?tot from <http://dbpedia3.8> where {?s a <http://dbpedia.org/ontology/Organisation> ; <http://dbpedia.org/ontology/genre> ?g}
GROUP BY (?g)
ORDER BY (?tot)
-----------------
select distinct ?g COUNT(?s) AS ?tot from <http://dbpedia3.8> where {?s a <http://dbpedia.org/ontology/Organisation> ; <http://dbpedia.org/ontology/genre> ?g}
GROUP BY (?g)
ORDER BY (?tot)
-----------------
select *
from <http://dbpedia3.8> where
{ ?company a <http://dbpedia.org/ontology/Organisation> .
?company <http://dbpedia.org/ontology/foundationPlace> <http://dbpedia.org/resource/California> .
?product <http://dbpedia.org/ontology/developer> ?company  .
?product  a <http://dbpedia.org/ontology/Software> .
}

-----------------
PREFIX owl: <http://www.w3.org/2002/07/owl#>
PREFIX xsd: <http://www.w3.org/2001/XMLSchema#>
PREFIX rdfs: <http://www.w3.org/2000/01/rdf-schema#>
PREFIX rdf: <http://www.w3.org/1999/02/22-rdf-syntax-ns#>
PREFIX foaf: <http://xmlns.com/foaf/0.1/>
PREFIX dc: <http://purl.org/dc/elements/1.1/>
PREFIX : <http://dbpedia.org/resource/>
PREFIX dbpedia2: <http://dbpedia.org/property/>
PREFIX dbpedia: <http://dbpedia.org/>
PREFIX skos: <http://www.w3.org/2004/02/skos/core#>
SELECT *  from <http://dbpedia3.8> where    { 
      ?company  a               <http://dbpedia.org/ontology/Organisation>  .
?company rdfs:label ?label
     }
-----------------
select *
from <http://dbpedia3.8> where
{ ?company a <http://dbpedia.org/ontology/Organisation> .
?company <http://dbpedia.org/ontology/foundationPlace> <http://dbpedia.org/resource/California> .
?product <http://dbpedia.org/ontology/developer> ?company  .
?product  a <http://dbpedia.org/ontology/Software> .
}

-----------------
select distinct ?s from <http://dbpedia3.8> where {?s a <http://dbpedia.org/ontology/Organisation>} LIMIT 100
-----------------
SELECT ?comment from <http://dbpedia3.8> where { <http://dbpedia.org/resource/24_%28TV_series%29> rdfs:comment ?comment FILTER langMatches(lang(?comment),"en" )}  LIMIT 1
-----------------
select distinct ?s from <http://dbpedia3.8> where {?s a <http://dbpedia.org/ontology/Organisation>} LIMIT 100
-----------------
select *
from <http://dbpedia3.8> where
{ ?company a <http://dbpedia.org/ontology/Organisation> .
?company <http://dbpedia.org/ontology/foundationPlace> <http://dbpedia.org/resource/California> .
?product <http://dbpedia.org/ontology/developer> ?company  .
?product  a <http://dbpedia.org/ontology/Software> .
}

-----------------
PREFIX owl: <http://www.w3.org/2002/07/owl#>
PREFIX xsd: <http://www.w3.org/2001/XMLSchema#>
PREFIX rdfs: <http://www.w3.org/2000/01/rdf-schema#>
PREFIX rdf: <http://www.w3.org/1999/02/22-rdf-syntax-ns#>
PREFIX foaf: <http://xmlns.com/foaf/0.1/>
PREFIX dc: <http://purl.org/dc/elements/1.1/>
PREFIX : <http://dbpedia.org/resource/>
PREFIX dbpedia2: <http://dbpedia.org/property/>
PREFIX dbpedia: <http://dbpedia.org/>
PREFIX skos: <http://www.w3.org/2004/02/skos/core#>
SELECT *
{  ?orgnzn a <http://dbpedia.org/ontology/Organisation>. 
   ?orgnzn rdfs:label ?lbl.
   FILTER(fn:starts-with(?lbl,"Harv")).
}
-----------------
select *
from <http://dbpedia3.8> where
{ ?company a <http://dbpedia.org/ontology/Organisation> .
?company <http://dbpedia.org/ontology/foundationPlace> <http://dbpedia.org/resource/California> .
?product <http://dbpedia.org/ontology/developer> ?company  .
?product  a <http://dbpedia.org/ontology/Software> .
}

-----------------
PREFIX rdf: <http://www.w3.org/1999/02/22-rdf-syntax-ns#>
PREFIX rdfs: <http://www.w3.org/2000/01/rdf-schema#>
select ?ins
from <http://dbpedia3.8> where {
?ins rdf:type <http://dbpedia.org/ontology/Organisation> .
} LIMIT 50000
-----------------
DESCRIBE <http://dbpedia.org/ontology/Organisation>
-----------------
DESCRIBE <http://dbpedia.org/ontology/Organisation>
-----------------
select *
from <http://dbpedia3.8> where
{ ?company a <http://dbpedia.org/ontology/Organisation> .
?company <http://dbpedia.org/ontology/foundationPlace> <http://dbpedia.org/resource/California> .
?product <http://dbpedia.org/ontology/developer> ?company  .
?product  a <http://dbpedia.org/ontology/Software> .
}

-----------------
select *
from <http://dbpedia3.8> where
{ ?company a <http://dbpedia.org/ontology/Organisation> .
?company <http://dbpedia.org/ontology/foundationPlace> <http://dbpedia.org/resource/California> .
?product <http://dbpedia.org/ontology/developer> ?company  .
?product  a <http://dbpedia.org/ontology/Software> .
}

-----------------
SELECT *
  from <http://dbpedia3.8> where
    { 
      ?company  a                                              <http://dbpedia.org/ontology/Organisation>  .
      ?company  <http://dbpedia.org/ontology/foundationPlace>  <http://dbpedia.org/resource/California>    .
      ?product  <http://dbpedia.org/ontology/developer>        ?company                                    .
      ?product  a                                              <http://dbpedia.org/ontology/Software>
    }
-----------------
SELECT *
from <http://dbpedia3.8> where {  
  ?company a <http://dbpedia.org/ontology/Organisation> .
  ?company <http://dbpedia.org/ontology/foundationPlace> <http://dbpedia.org/resource/California> .
  ?product <http://dbpedia.org/ontology/developer> ?company  .
  ?product  a <http://dbpedia.org/ontology/Software> .
}

-----------------
SELECT ?property ?hasValue ?isValueOf
from <http://dbpedia3.8> where {
  { <http://dbpedia.org/ontology/Organisation> ?property ?hasValue }
  UNION
  { ?isValueOf ?property <http://dbpedia.org/ontology/Organisation> }
}
-----------------
PREFIX owl: <http://www.w3.org/2002/07/owl#>
PREFIX xsd: <http://www.w3.org/2001/XMLSchema#>
PREFIX rdfs: <http://www.w3.org/2000/01/rdf-schema#>
PREFIX rdf: <http://www.w3.org/1999/02/22-rdf-syntax-ns#>
PREFIX foaf: <http://xmlns.com/foaf/0.1/>
PREFIX dc: <http://purl.org/dc/elements/1.1/>
PREFIX : <http://dbpedia.org/resource/>
PREFIX dbpedia2: <http://dbpedia.org/property/>
PREFIX dbpedia: <http://dbpedia.org/>
PREFIX skos: <http://www.w3.org/2004/02/skos/core#>
SELECT ?property ?hasValue ?isValueOf
from <http://dbpedia3.8> where {
  { <http://dbpedia.org/ontology/Organisation> ?property ?hasValue }
  UNION
  { ?isValueOf ?property <http://dbpedia.org/ontology/Organisation> }
}
-----------------
SELECT ?property ?hasValue ?isValueOf
from <http://dbpedia3.8> where {
  { <http://dbpedia.org/ontology/Organisation> ?property ?hasValue }
  UNION
  { ?isValueOf ?property <http://dbpedia.org/ontology/Organisation> }
}
-----------------
select distinct ?s ?p ?v from <http://dbpedia3.8> where {?s a <http://dbpedia.org/ontology/Organisation> . ?s ?p ?v . } LIMIT 666
-----------------
select *
from <http://dbpedia3.8> where
{ ?company a <http://dbpedia.org/ontology/Organisation> .
?company <http://dbpedia.org/ontology/foundationPlace> <http://dbpedia.org/resource/California> .
?product <http://dbpedia.org/ontology/developer> ?company  .
?product  a <http://dbpedia.org/ontology/Software> .
}

-----------------
select *
from <http://dbpedia3.8> where
{ ?company a <http://dbpedia.org/ontology/Organisation> .
?company <http://dbpedia.org/ontology/foundationPlace> <http://dbpedia.org/resource/California> .
?product <http://dbpedia.org/ontology/developer> ?company  .
?product  a <http://dbpedia.org/ontology/Software> .
}

-----------------
SELECT *
  from <http://dbpedia3.8> where
    { 
      ?company  a                                              <http://dbpedia.org/ontology/Organisation>  .
      ?company  <http://dbpedia.org/ontology/foundationPlace>  <http://dbpedia.org/resource/California>    .
      ?product  <http://dbpedia.org/ontology/developer>        ?company                                    .
      ?product  a                                              <http://dbpedia.org/ontology/Software>
    }
-----------------
select *
from <http://dbpedia3.8> where
{ ?company a <http://dbpedia.org/ontology/Organisation> .
?company <http://dbpedia.org/ontology/foundationPlace> <http://dbpedia.org/resource/California> .
?product <http://dbpedia.org/ontology/developer> ?company  .
?product  a <http://dbpedia.org/ontology/Software> .
}

-----------------
select distinct ?Concept from <http://dbpedia3.8> where {?Concept <http://www.w3.org/2002/07/owl#sameAs> <http://dbpedia.org/ontology/Organisation>} LIMIT 100
-----------------
PREFIX dbprop: <http://dbpedia.org/property/>
PREFIX dbpont: <http://dbpedia.org/Ontology>
SELECT *
{   
    ?orgnzn a <http://dbpedia.org/ontology/Organisation>. 
    ?orgnzn rdfs:label ?lbl.
    FILTER(regex(?lbl,"Grenoble","i")).
    ?orgnzn dbpont:City ?city.
    ?orgnzn dbrop:Country ?country
}
LIMIT 5
-----------------
PREFIX dbprop: <http://dbpedia.org/property/>
PREFIX dbpont: <http://dbpedia.org/Ontology>
SELECT *
{   
    ?orgnzn a <http://dbpedia.org/ontology/Organisation>. 
    ?orgnzn rdfs:label ?lbl.
    FILTER(regex(?lbl,"Grenoble","i")).
}
LIMIT 5
-----------------
PREFIX dbprop: <http://dbpedia.org/property/>
PREFIX dbpont: <http://dbpedia.org/Ontology>
SELECT *
{   
    ?orgnzn a <http://dbpedia.org/ontology/Organisation>. 
    ?orgnzn rdfs:label ?lbl.
    FILTER(regex(?lbl,"Grenoble","i")).
}
LIMIT 5
-----------------
PREFIX dbprop: <http://dbpedia.org/property/>
PREFIX dbpont: <http://dbpedia.org/Ontology>
SELECT ?nat
{   
    ?orgnzn a <http://dbpedia.org/ontology/Organisation>. 
    ?orgnzn rdfs:label ?lbl.
    FILTER(regex(?lbl,"Grenoble","i")).
    ?orgnzn dbprop:nat ?nat
}
LIMIT 5
-----------------
PREFIX dbprop: <http://dbpedia.org/property/>
PREFIX dbpont: <http://dbpedia.org/Ontology>
SELECT ?nat
{   
    ?orgnzn a <http://dbpedia.org/ontology/Organisation>. 
    ?orgnzn rdfs:label ?lbl.
    FILTER(regex(?lbl,"Milano","i")).
    ?orgnzn dbprop:nat ?nat
}
LIMIT 5
-----------------
PREFIX dbprop: <http://dbpedia.org/property/>
PREFIX dbpont: <http://dbpedia.org/Ontology>
SELECT ?nat
{   
    ?orgnzn a <http://dbpedia.org/ontology/Organisation>. 
    ?orgnzn rdfs:label ?lbl.
    FILTER(regex(?lbl,"Milan","i")).
    ?orgnzn dbprop:nat ?nat
}
LIMIT 5
-----------------
PREFIX dbprop: <http://dbpedia.org/property/>
PREFIX dbpont: <http://dbpedia.org/Ontology>
SELECT ?nat
{   
    ?orgnzn a <http://dbpedia.org/ontology/Organisation>. 
    ?orgnzn rdfs:label ?lbl.
    FILTER(regex(?lbl,"Joseph Fourier","i")).
    ?orgnzn dbprop:nat ?nat
}
LIMIT 5
-----------------
PREFIX dbprop: <http://dbpedia.org/property/>
PREFIX dbpont: <http://dbpedia.org/Ontology>
SELECT ?nat
{   
    ?orgnzn a <http://dbpedia.org/ontology/Organisation>. 
    ?orgnzn rdfs:label ?lbl.
    FILTER(regex(?lbl,"Joseph Fourier","i")).
    ?orgnzn dbprop:nat ?nat
}
LIMIT 5
-----------------
PREFIX dbprop: <http://dbpedia.org/property/>
PREFIX dbpont: <http://dbpedia.org/Ontology>
SELECT ?nat
{   
    ?orgnzn a <http://dbpedia.org/ontology/Organisation>. 
    ?orgnzn rdfs:label ?lbl.
    FILTER(regex(?lbl,"Obama","i")).
    ?orgnzn dbprop:nat ?nat
}
LIMIT 5
-----------------
PREFIX dbprop: <http://dbpedia.org/property/>
PREFIX dbpont: <http://dbpedia.org/Ontology>
SELECT ?nat ?orgnzn
{   
    ?orgnzn a <http://dbpedia.org/ontology/Organisation>. 
    ?orgnzn rdfs:label ?lbl.
    FILTER(regex(?lbl,"Obama","i")).
    ?orgnzn dbprop:nat ?nat
}
LIMIT 5
-----------------
PREFIX dbprop: <http://dbpedia.org/property/>
PREFIX dbpont: <http://dbpedia.org/Ontology>
SELECT ?nat ?orgnzn
{   
    ?orgnzn a <http://dbpedia.org/ontology/Organisation>. 
    ?orgnzn rdfs:label ?lbl.
    FILTER(regex(?lbl,"Obama","i")).

}
LIMIT 5
-----------------
PREFIX dbprop: <http://dbpedia.org/property/>
PREFIX dbpont: <http://dbpedia.org/Ontology>
SELECT ?orgnzn
{   
    ?orgnzn a <http://dbpedia.org/ontology/Organisation>. 
    ?orgnzn rdfs:label ?lbl.
    FILTER(regex(?lbl,"Obama","i")).

}
LIMIT 5
-----------------
PREFIX dbprop: <http://dbpedia.org/property/>
PREFIX dbpont: <http://dbpedia.org/Ontology>
SELECT ?orgnzn
{   
    ?orgnzn a <http://dbpedia.org/ontology/Organisation>. 
    ?orgnzn rdfs:label ?lbl.
    FILTER(regex(?lbl,"Holland","i")).

}
LIMIT 5
-----------------
select *
from <http://dbpedia3.8> where
{ ?company a <http://dbpedia.org/ontology/Organisation> .
?company <http://dbpedia.org/ontology/foundationPlace> <http://dbpedia.org/resource/California> .
?product <http://dbpedia.org/ontology/developer> ?company  .
?product  a <http://dbpedia.org/ontology/Software> .
}

-----------------
PREFIX rdf: <http://www.w3.org/1999/02/22-rdf-syntax-ns#> SELECT DISTINCT  ?org
from <http://dbpedia3.8> where
  { ?org rdf:type <http://dbpedia.org/ontology/Organisation> .
    ?org <http://dbpedia.org/ontology/formationYear> ?y
  }
-----------------
select *
from <http://dbpedia3.8> where
{ ?company a <http://dbpedia.org/ontology/Organisation> .
?company <http://dbpedia.org/ontology/foundationPlace> <http://dbpedia.org/resource/California> .
?product <http://dbpedia.org/ontology/developer> ?company  .
?product  a <http://dbpedia.org/ontology/Software> .
}

-----------------